2020-05-28 01:14:34.368  WARN 23685 --- [HikariPool-1 housekeeper] com.zaxxer.hikari.pool.HikariPool        : HikariPool-1 - Thread starvation or clock leap detected (housekeeper delta=38m13s357ms).
2020-05-28 02:03:06.223  WARN 23685 --- [HikariPool-1 housekeeper] com.zaxxer.hikari.pool.HikariPool        : HikariPool-1 - Thread starvation or clock leap detected (housekeeper delta=32m31s687ms).
2020-05-28 04:03:34.511  WARN 23685 --- [HikariPool-1 housekeeper] com.zaxxer.hikari.pool.HikariPool        : HikariPool-1 - Thread starvation or clock leap detected (housekeeper delta=2h28s288ms).
2020-05-28 06:04:31.722  WARN 23685 --- [HikariPool-1 housekeeper] com.zaxxer.hikari.pool.HikariPool        : HikariPool-1 - Thread starvation or clock leap detected (housekeeper delta=2h27s116ms).
2020-05-28 08:05:30.765  WARN 23685 --- [HikariPool-1 housekeeper] com.zaxxer.hikari.pool.HikariPool        : HikariPool-1 - Thread starvation or clock leap detected (housekeeper delta=2h29s35ms).
2020-05-28 10:06:28.895  WARN 23685 --- [HikariPool-1 housekeeper] com.zaxxer.hikari.pool.HikariPool        : HikariPool-1 - Thread starvation or clock leap detected (housekeeper delta=2h28s123ms).
2020-05-28 10:30:24.940  WARN 23685 --- [HikariPool-1 housekeeper] com.zaxxer.hikari.pool.HikariPool        : HikariPool-1 - Thread starvation or clock leap detected (housekeeper delta=23m26s34ms).
2020-05-28 13:30:23.842  WARN 23685 --- [HikariPool-1 housekeeper] com.zaxxer.hikari.pool.HikariPool        : HikariPool-1 - Thread starvation or clock leap detected (housekeeper delta=2h28s267ms).
2020-05-28 15:31:21.995  WARN 23685 --- [HikariPool-1 housekeeper] com.zaxxer.hikari.pool.HikariPool        : HikariPool-1 - Thread starvation or clock leap detected (housekeeper delta=2h28s143ms).
2020-05-28 16:42:45.791  WARN 23685 --- [HikariPool-1 housekeeper] com.zaxxer.hikari.pool.HikariPool        : HikariPool-1 - Thread starvation or clock leap detected (housekeeper delta=1h11m23s796ms).
2020-05-28 17:50:50.230  WARN 23685 --- [HikariPool-1 housekeeper] com.zaxxer.hikari.pool.HikariPool        : HikariPool-1 - Thread starvation or clock leap detected (housekeeper delta=24m31s971ms).
2020-05-28 18:10:26.204  INFO 24904 --- [main] c.l.s.SprintBootBooklistApplication      : Starting SprintBootBooklistApplication on louyilindeMBP.fios-router.home with PID 24904 (/Users/louyilin/IdeaProjects/sprint-boot-booklist/target/classes started by louyilin in /Users/louyilin/IdeaProjects/sprint-boot-booklist)
2020-05-28 18:10:26.208 DEBUG 24904 --- [main] c.l.s.SprintBootBooklistApplication      : Running with Spring Boot v2.3.0.RELEASE, Spring v5.2.6.RELEASE
2020-05-28 18:10:26.208  INFO 24904 --- [main] c.l.s.SprintBootBooklistApplication      : The following profiles are active: dev
2020-05-28 18:10:27.048  INFO 24904 --- [main] .s.d.r.c.RepositoryConfigurationDelegate : Bootstrapping Spring Data JPA repositories in DEFERRED mode.
2020-05-28 18:10:27.120  INFO 24904 --- [main] .s.d.r.c.RepositoryConfigurationDelegate : Finished Spring Data repository scanning in 61ms. Found 1 JPA repository interfaces.
2020-05-28 18:10:27.727  INFO 24904 --- [main] o.s.b.w.embedded.tomcat.TomcatWebServer  : Tomcat initialized with port(s): 8080 (http)
2020-05-28 18:10:27.736  INFO 24904 --- [main] o.apache.catalina.core.StandardService   : Starting service [Tomcat]
2020-05-28 18:10:27.737  INFO 24904 --- [main] org.apache.catalina.core.StandardEngine  : Starting Servlet engine: [Apache Tomcat/9.0.35]
2020-05-28 18:10:27.854  INFO 24904 --- [main] o.a.c.c.C.[Tomcat].[localhost].[/]       : Initializing Spring embedded WebApplicationContext
2020-05-28 18:10:27.854  INFO 24904 --- [main] o.s.web.context.ContextLoader            : Root WebApplicationContext: initialization completed in 1595 ms
2020-05-28 18:10:28.052  INFO 24904 --- [main] o.s.s.concurrent.ThreadPoolTaskExecutor  : Initializing ExecutorService 'applicationTaskExecutor'
2020-05-28 18:10:28.092  INFO 24904 --- [task-1] o.hibernate.jpa.internal.util.LogHelper  : HHH000204: Processing PersistenceUnitInfo [name: default]
2020-05-28 18:10:28.130  WARN 24904 --- [main] JpaBaseConfiguration$JpaWebConfiguration : spring.jpa.open-in-view is enabled by default. Therefore, database queries may be performed during view rendering. Explicitly configure spring.jpa.open-in-view to disable this warning
2020-05-28 18:10:28.152  INFO 24904 --- [task-1] org.hibernate.Version                    : HHH000412: Hibernate ORM core version 5.4.15.Final
2020-05-28 18:10:28.318  INFO 24904 --- [task-1] o.hibernate.annotations.common.Version   : HCANN000001: Hibernate Commons Annotations {5.1.0.Final}
2020-05-28 18:10:28.419  INFO 24904 --- [task-1] com.zaxxer.hikari.HikariDataSource       : HikariPool-1 - Starting...
2020-05-28 18:10:28.885  INFO 24904 --- [task-1] com.zaxxer.hikari.HikariDataSource       : HikariPool-1 - Start completed.
2020-05-28 18:10:28.903  INFO 24904 --- [task-1] org.hibernate.dialect.Dialect            : HHH000400: Using dialect: org.hibernate.dialect.MySQL8Dialect
2020-05-28 18:10:29.474  INFO 24904 --- [task-1] o.h.e.t.j.p.i.JtaPlatformInitiator       : HHH000490: Using JtaPlatform implementation: [org.hibernate.engine.transaction.jta.platform.internal.NoJtaPlatform]
2020-05-28 18:10:29.481  INFO 24904 --- [task-1] j.LocalContainerEntityManagerFactoryBean : Initialized JPA EntityManagerFactory for persistence unit 'default'
2020-05-28 18:10:29.938  WARN 24904 --- [main] ConfigServletWebServerApplicationContext : Exception encountered during context initialization - cancelling refresh attempt: org.springframework.context.ApplicationContextException: Failed to start bean 'webServerStartStop'; nested exception is org.springframework.boot.web.server.PortInUseException: Port 8080 is already in use
2020-05-28 18:10:29.939  INFO 24904 --- [main] j.LocalContainerEntityManagerFactoryBean : Closing JPA EntityManagerFactory for persistence unit 'default'
2020-05-28 18:10:29.941  INFO 24904 --- [main] o.s.s.concurrent.ThreadPoolTaskExecutor  : Shutting down ExecutorService 'applicationTaskExecutor'
2020-05-28 18:10:29.941  INFO 24904 --- [main] com.zaxxer.hikari.HikariDataSource       : HikariPool-1 - Shutdown initiated...
2020-05-28 18:10:29.946  INFO 24904 --- [main] com.zaxxer.hikari.HikariDataSource       : HikariPool-1 - Shutdown completed.
2020-05-28 18:10:29.947  INFO 24904 --- [main] o.apache.catalina.core.StandardService   : Stopping service [Tomcat]
2020-05-28 18:10:29.958  INFO 24904 --- [main] ConditionEvaluationReportLoggingListener : 

Error starting ApplicationContext. To display the conditions report re-run your application with 'debug' enabled.
2020-05-28 18:10:29.962 ERROR 24904 --- [main] o.s.b.d.LoggingFailureAnalysisReporter   : 

***************************
APPLICATION FAILED TO START
***************************

Description:

Web server failed to start. Port 8080 was already in use.

Action:

Identify and stop the process that's listening on port 8080 or configure this application to listen on another port.

2020-05-28 18:11:32.738  INFO 24906 --- [main] c.l.s.SprintBootBooklistApplication      : Starting SprintBootBooklistApplication on louyilindeMBP.fios-router.home with PID 24906 (/Users/louyilin/IdeaProjects/sprint-boot-booklist/target/classes started by louyilin in /Users/louyilin/IdeaProjects/sprint-boot-booklist)
2020-05-28 18:11:32.742 DEBUG 24906 --- [main] c.l.s.SprintBootBooklistApplication      : Running with Spring Boot v2.3.0.RELEASE, Spring v5.2.6.RELEASE
2020-05-28 18:11:32.742  INFO 24906 --- [main] c.l.s.SprintBootBooklistApplication      : The following profiles are active: dev
2020-05-28 18:11:33.547  INFO 24906 --- [main] .s.d.r.c.RepositoryConfigurationDelegate : Bootstrapping Spring Data JPA repositories in DEFERRED mode.
2020-05-28 18:11:33.615  INFO 24906 --- [main] .s.d.r.c.RepositoryConfigurationDelegate : Finished Spring Data repository scanning in 55ms. Found 1 JPA repository interfaces.
2020-05-28 18:11:34.213  INFO 24906 --- [main] o.s.b.w.embedded.tomcat.TomcatWebServer  : Tomcat initialized with port(s): 8081 (http)
2020-05-28 18:11:34.224  INFO 24906 --- [main] o.apache.catalina.core.StandardService   : Starting service [Tomcat]
2020-05-28 18:11:34.225  INFO 24906 --- [main] org.apache.catalina.core.StandardEngine  : Starting Servlet engine: [Apache Tomcat/9.0.35]
2020-05-28 18:11:34.339  INFO 24906 --- [main] o.a.c.c.C.[Tomcat].[localhost].[/]       : Initializing Spring embedded WebApplicationContext
2020-05-28 18:11:34.339  INFO 24906 --- [main] o.s.web.context.ContextLoader            : Root WebApplicationContext: initialization completed in 1546 ms
2020-05-28 18:11:34.505  INFO 24906 --- [main] o.s.s.concurrent.ThreadPoolTaskExecutor  : Initializing ExecutorService 'applicationTaskExecutor'
2020-05-28 18:11:34.542  INFO 24906 --- [task-1] o.hibernate.jpa.internal.util.LogHelper  : HHH000204: Processing PersistenceUnitInfo [name: default]
2020-05-28 18:11:34.587  WARN 24906 --- [main] JpaBaseConfiguration$JpaWebConfiguration : spring.jpa.open-in-view is enabled by default. Therefore, database queries may be performed during view rendering. Explicitly configure spring.jpa.open-in-view to disable this warning
2020-05-28 18:11:34.597  INFO 24906 --- [task-1] org.hibernate.Version                    : HHH000412: Hibernate ORM core version 5.4.15.Final
2020-05-28 18:11:34.747  INFO 24906 --- [task-1] o.hibernate.annotations.common.Version   : HCANN000001: Hibernate Commons Annotations {5.1.0.Final}
2020-05-28 18:11:34.845  INFO 24906 --- [task-1] com.zaxxer.hikari.HikariDataSource       : HikariPool-1 - Starting...
2020-05-28 18:11:35.313  INFO 24906 --- [task-1] com.zaxxer.hikari.HikariDataSource       : HikariPool-1 - Start completed.
2020-05-28 18:11:35.336  INFO 24906 --- [task-1] org.hibernate.dialect.Dialect            : HHH000400: Using dialect: org.hibernate.dialect.MySQL8Dialect
2020-05-28 18:11:35.876  INFO 24906 --- [task-1] o.h.e.t.j.p.i.JtaPlatformInitiator       : HHH000490: Using JtaPlatform implementation: [org.hibernate.engine.transaction.jta.platform.internal.NoJtaPlatform]
2020-05-28 18:11:35.882  INFO 24906 --- [task-1] j.LocalContainerEntityManagerFactoryBean : Initialized JPA EntityManagerFactory for persistence unit 'default'
2020-05-28 18:11:36.325  INFO 24906 --- [main] o.s.b.w.embedded.tomcat.TomcatWebServer  : Tomcat started on port(s): 8081 (http) with context path ''
2020-05-28 18:11:36.326  INFO 24906 --- [main] DeferredRepositoryInitializationListener : Triggering deferred initialization of Spring Data repositories…
2020-05-28 18:11:36.379  INFO 24906 --- [main] DeferredRepositoryInitializationListener : Spring Data repositories initialized!
2020-05-28 18:11:36.387  INFO 24906 --- [main] c.l.s.SprintBootBooklistApplication      : Started SprintBootBooklistApplication in 4.14 seconds (JVM running for 4.792)
2020-05-28 18:11:52.820  INFO 24906 --- [http-nio-8081-exec-1] o.a.c.c.C.[Tomcat].[localhost].[/]       : Initializing Spring DispatcherServlet 'dispatcherServlet'
2020-05-28 18:11:52.821  INFO 24906 --- [http-nio-8081-exec-1] o.s.web.servlet.DispatcherServlet        : Initializing Servlet 'dispatcherServlet'
2020-05-28 18:11:52.836  INFO 24906 --- [http-nio-8081-exec-1] o.s.web.servlet.DispatcherServlet        : Completed initialization in 12 ms
2020-05-28 18:12:03.920  INFO 24906 --- [SpringContextShutdownHook] j.LocalContainerEntityManagerFactoryBean : Closing JPA EntityManagerFactory for persistence unit 'default'
2020-05-28 18:12:03.923  INFO 24906 --- [SpringContextShutdownHook] o.s.s.concurrent.ThreadPoolTaskExecutor  : Shutting down ExecutorService 'applicationTaskExecutor'
2020-05-28 18:12:03.924  INFO 24906 --- [SpringContextShutdownHook] com.zaxxer.hikari.HikariDataSource       : HikariPool-1 - Shutdown initiated...
2020-05-28 18:12:03.928  INFO 24906 --- [SpringContextShutdownHook] com.zaxxer.hikari.HikariDataSource       : HikariPool-1 - Shutdown completed.
2020-05-28 18:12:13.720  INFO 24910 --- [main] c.l.s.SprintBootBooklistApplication      : Starting SprintBootBooklistApplication on louyilindeMBP.fios-router.home with PID 24910 (/Users/louyilin/IdeaProjects/sprint-boot-booklist/target/classes started by louyilin in /Users/louyilin/IdeaProjects/sprint-boot-booklist)
2020-05-28 18:12:13.723 DEBUG 24910 --- [main] c.l.s.SprintBootBooklistApplication      : Running with Spring Boot v2.3.0.RELEASE, Spring v5.2.6.RELEASE
2020-05-28 18:12:13.723  INFO 24910 --- [main] c.l.s.SprintBootBooklistApplication      : The following profiles are active: dev
2020-05-28 18:12:14.486  INFO 24910 --- [main] .s.d.r.c.RepositoryConfigurationDelegate : Bootstrapping Spring Data JPA repositories in DEFERRED mode.
2020-05-28 18:12:14.545  INFO 24910 --- [main] .s.d.r.c.RepositoryConfigurationDelegate : Finished Spring Data repository scanning in 50ms. Found 1 JPA repository interfaces.
2020-05-28 18:12:15.084  INFO 24910 --- [main] o.s.b.w.embedded.tomcat.TomcatWebServer  : Tomcat initialized with port(s): 8080 (http)
2020-05-28 18:12:15.094  INFO 24910 --- [main] o.apache.catalina.core.StandardService   : Starting service [Tomcat]
2020-05-28 18:12:15.094  INFO 24910 --- [main] org.apache.catalina.core.StandardEngine  : Starting Servlet engine: [Apache Tomcat/9.0.35]
2020-05-28 18:12:15.233  INFO 24910 --- [main] o.a.c.c.C.[Tomcat].[localhost].[/]       : Initializing Spring embedded WebApplicationContext
2020-05-28 18:12:15.234  INFO 24910 --- [main] o.s.web.context.ContextLoader            : Root WebApplicationContext: initialization completed in 1464 ms
2020-05-28 18:12:15.405  INFO 24910 --- [main] o.s.s.concurrent.ThreadPoolTaskExecutor  : Initializing ExecutorService 'applicationTaskExecutor'
2020-05-28 18:12:15.443  INFO 24910 --- [task-1] o.hibernate.jpa.internal.util.LogHelper  : HHH000204: Processing PersistenceUnitInfo [name: default]
2020-05-28 18:12:15.480  WARN 24910 --- [main] JpaBaseConfiguration$JpaWebConfiguration : spring.jpa.open-in-view is enabled by default. Therefore, database queries may be performed during view rendering. Explicitly configure spring.jpa.open-in-view to disable this warning
2020-05-28 18:12:15.496  INFO 24910 --- [task-1] org.hibernate.Version                    : HHH000412: Hibernate ORM core version 5.4.15.Final
2020-05-28 18:12:15.624  INFO 24910 --- [task-1] o.hibernate.annotations.common.Version   : HCANN000001: Hibernate Commons Annotations {5.1.0.Final}
2020-05-28 18:12:15.715  INFO 24910 --- [task-1] com.zaxxer.hikari.HikariDataSource       : HikariPool-1 - Starting...
2020-05-28 18:12:16.144  INFO 24910 --- [task-1] com.zaxxer.hikari.HikariDataSource       : HikariPool-1 - Start completed.
2020-05-28 18:12:16.162  INFO 24910 --- [task-1] org.hibernate.dialect.Dialect            : HHH000400: Using dialect: org.hibernate.dialect.MySQL8Dialect
2020-05-28 18:12:16.711  INFO 24910 --- [task-1] o.h.e.t.j.p.i.JtaPlatformInitiator       : HHH000490: Using JtaPlatform implementation: [org.hibernate.engine.transaction.jta.platform.internal.NoJtaPlatform]
2020-05-28 18:12:16.718  INFO 24910 --- [task-1] j.LocalContainerEntityManagerFactoryBean : Initialized JPA EntityManagerFactory for persistence unit 'default'
2020-05-28 18:12:17.197  WARN 24910 --- [main] ConfigServletWebServerApplicationContext : Exception encountered during context initialization - cancelling refresh attempt: org.springframework.context.ApplicationContextException: Failed to start bean 'webServerStartStop'; nested exception is org.springframework.boot.web.server.PortInUseException: Port 8080 is already in use
2020-05-28 18:12:17.199  INFO 24910 --- [main] j.LocalContainerEntityManagerFactoryBean : Closing JPA EntityManagerFactory for persistence unit 'default'
2020-05-28 18:12:17.200  INFO 24910 --- [main] o.s.s.concurrent.ThreadPoolTaskExecutor  : Shutting down ExecutorService 'applicationTaskExecutor'
2020-05-28 18:12:17.201  INFO 24910 --- [main] com.zaxxer.hikari.HikariDataSource       : HikariPool-1 - Shutdown initiated...
2020-05-28 18:12:17.206  INFO 24910 --- [main] com.zaxxer.hikari.HikariDataSource       : HikariPool-1 - Shutdown completed.
2020-05-28 18:12:17.208  INFO 24910 --- [main] o.apache.catalina.core.StandardService   : Stopping service [Tomcat]
2020-05-28 18:12:17.218  INFO 24910 --- [main] ConditionEvaluationReportLoggingListener : 

Error starting ApplicationContext. To display the conditions report re-run your application with 'debug' enabled.
2020-05-28 18:12:17.222 ERROR 24910 --- [main] o.s.b.d.LoggingFailureAnalysisReporter   : 

***************************
APPLICATION FAILED TO START
***************************

Description:

Web server failed to start. Port 8080 was already in use.

Action:

Identify and stop the process that's listening on port 8080 or configure this application to listen on another port.

2020-05-28 18:13:45.623  WARN 23685 --- [http-nio-8080-exec-4] .w.s.m.s.DefaultHandlerExceptionResolver : Resolved [org.springframework.web.bind.MissingServletRequestParameterException: Required int parameter 'page' is not present]
2020-05-28 18:15:04.090  INFO 24942 --- [main] c.l.s.SprintBootBooklistApplication      : Starting SprintBootBooklistApplication on louyilindeMBP.fios-router.home with PID 24942 (/Users/louyilin/IdeaProjects/sprint-boot-booklist/target/classes started by louyilin in /Users/louyilin/IdeaProjects/sprint-boot-booklist)
2020-05-28 18:15:04.093 DEBUG 24942 --- [main] c.l.s.SprintBootBooklistApplication      : Running with Spring Boot v2.3.0.RELEASE, Spring v5.2.6.RELEASE
2020-05-28 18:15:04.093  INFO 24942 --- [main] c.l.s.SprintBootBooklistApplication      : The following profiles are active: dev
2020-05-28 18:15:04.796  INFO 24942 --- [main] .s.d.r.c.RepositoryConfigurationDelegate : Bootstrapping Spring Data JPA repositories in DEFERRED mode.
2020-05-28 18:15:04.856  INFO 24942 --- [main] .s.d.r.c.RepositoryConfigurationDelegate : Finished Spring Data repository scanning in 52ms. Found 1 JPA repository interfaces.
2020-05-28 18:15:05.371  INFO 24942 --- [main] o.s.b.w.embedded.tomcat.TomcatWebServer  : Tomcat initialized with port(s): 8080 (http)
2020-05-28 18:15:05.380  INFO 24942 --- [main] o.apache.catalina.core.StandardService   : Starting service [Tomcat]
2020-05-28 18:15:05.380  INFO 24942 --- [main] org.apache.catalina.core.StandardEngine  : Starting Servlet engine: [Apache Tomcat/9.0.35]
2020-05-28 18:15:05.479  INFO 24942 --- [main] o.a.c.c.C.[Tomcat].[localhost].[/]       : Initializing Spring embedded WebApplicationContext
2020-05-28 18:15:05.479  INFO 24942 --- [main] o.s.web.context.ContextLoader            : Root WebApplicationContext: initialization completed in 1346 ms
2020-05-28 18:15:05.656  INFO 24942 --- [main] o.s.s.concurrent.ThreadPoolTaskExecutor  : Initializing ExecutorService 'applicationTaskExecutor'
2020-05-28 18:15:05.692  INFO 24942 --- [task-1] o.hibernate.jpa.internal.util.LogHelper  : HHH000204: Processing PersistenceUnitInfo [name: default]
2020-05-28 18:15:05.729  WARN 24942 --- [main] JpaBaseConfiguration$JpaWebConfiguration : spring.jpa.open-in-view is enabled by default. Therefore, database queries may be performed during view rendering. Explicitly configure spring.jpa.open-in-view to disable this warning
2020-05-28 18:15:05.738  INFO 24942 --- [task-1] org.hibernate.Version                    : HHH000412: Hibernate ORM core version 5.4.15.Final
2020-05-28 18:15:05.871  INFO 24942 --- [task-1] o.hibernate.annotations.common.Version   : HCANN000001: Hibernate Commons Annotations {5.1.0.Final}
2020-05-28 18:15:05.960  INFO 24942 --- [task-1] com.zaxxer.hikari.HikariDataSource       : HikariPool-1 - Starting...
2020-05-28 18:15:06.340  INFO 24942 --- [task-1] com.zaxxer.hikari.HikariDataSource       : HikariPool-1 - Start completed.
2020-05-28 18:15:06.358  INFO 24942 --- [task-1] org.hibernate.dialect.Dialect            : HHH000400: Using dialect: org.hibernate.dialect.MySQL8Dialect
2020-05-28 18:15:06.833  INFO 24942 --- [task-1] o.h.e.t.j.p.i.JtaPlatformInitiator       : HHH000490: Using JtaPlatform implementation: [org.hibernate.engine.transaction.jta.platform.internal.NoJtaPlatform]
2020-05-28 18:15:06.838  INFO 24942 --- [task-1] j.LocalContainerEntityManagerFactoryBean : Initialized JPA EntityManagerFactory for persistence unit 'default'
2020-05-28 18:15:07.219  WARN 24942 --- [main] ConfigServletWebServerApplicationContext : Exception encountered during context initialization - cancelling refresh attempt: org.springframework.context.ApplicationContextException: Failed to start bean 'webServerStartStop'; nested exception is org.springframework.boot.web.server.PortInUseException: Port 8080 is already in use
2020-05-28 18:15:07.221  INFO 24942 --- [main] j.LocalContainerEntityManagerFactoryBean : Closing JPA EntityManagerFactory for persistence unit 'default'
2020-05-28 18:15:07.222  INFO 24942 --- [main] o.s.s.concurrent.ThreadPoolTaskExecutor  : Shutting down ExecutorService 'applicationTaskExecutor'
2020-05-28 18:15:07.223  INFO 24942 --- [main] com.zaxxer.hikari.HikariDataSource       : HikariPool-1 - Shutdown initiated...
2020-05-28 18:15:07.227  INFO 24942 --- [main] com.zaxxer.hikari.HikariDataSource       : HikariPool-1 - Shutdown completed.
2020-05-28 18:15:07.229  INFO 24942 --- [main] o.apache.catalina.core.StandardService   : Stopping service [Tomcat]
2020-05-28 18:15:07.238  INFO 24942 --- [main] ConditionEvaluationReportLoggingListener : 

Error starting ApplicationContext. To display the conditions report re-run your application with 'debug' enabled.
2020-05-28 18:15:07.241 ERROR 24942 --- [main] o.s.b.d.LoggingFailureAnalysisReporter   : 

***************************
APPLICATION FAILED TO START
***************************

Description:

Web server failed to start. Port 8080 was already in use.

Action:

Identify and stop the process that's listening on port 8080 or configure this application to listen on another port.

2020-05-28 18:17:58.311  INFO 25013 --- [main] c.l.s.SprintBootBooklistApplication      : Starting SprintBootBooklistApplication on louyilindeMBP.fios-router.home with PID 25013 (/Users/louyilin/IdeaProjects/sprint-boot-booklist/target/classes started by louyilin in /Users/louyilin/IdeaProjects/sprint-boot-booklist)
2020-05-28 18:17:58.313 DEBUG 25013 --- [main] c.l.s.SprintBootBooklistApplication      : Running with Spring Boot v2.3.0.RELEASE, Spring v5.2.6.RELEASE
2020-05-28 18:17:58.314  INFO 25013 --- [main] c.l.s.SprintBootBooklistApplication      : The following profiles are active: dev
2020-05-28 18:17:58.969  INFO 25013 --- [main] .s.d.r.c.RepositoryConfigurationDelegate : Bootstrapping Spring Data JPA repositories in DEFERRED mode.
2020-05-28 18:17:59.031  INFO 25013 --- [main] .s.d.r.c.RepositoryConfigurationDelegate : Finished Spring Data repository scanning in 53ms. Found 1 JPA repository interfaces.
2020-05-28 18:17:59.492  INFO 25013 --- [main] o.s.b.w.embedded.tomcat.TomcatWebServer  : Tomcat initialized with port(s): 8080 (http)
2020-05-28 18:17:59.502  INFO 25013 --- [main] o.apache.catalina.core.StandardService   : Starting service [Tomcat]
2020-05-28 18:17:59.502  INFO 25013 --- [main] org.apache.catalina.core.StandardEngine  : Starting Servlet engine: [Apache Tomcat/9.0.35]
2020-05-28 18:17:59.624  INFO 25013 --- [main] o.a.c.c.C.[Tomcat].[localhost].[/]       : Initializing Spring embedded WebApplicationContext
2020-05-28 18:17:59.624  INFO 25013 --- [main] o.s.web.context.ContextLoader            : Root WebApplicationContext: initialization completed in 1270 ms
2020-05-28 18:17:59.775  INFO 25013 --- [main] o.s.s.concurrent.ThreadPoolTaskExecutor  : Initializing ExecutorService 'applicationTaskExecutor'
2020-05-28 18:17:59.813  INFO 25013 --- [task-1] o.hibernate.jpa.internal.util.LogHelper  : HHH000204: Processing PersistenceUnitInfo [name: default]
2020-05-28 18:17:59.845  WARN 25013 --- [main] JpaBaseConfiguration$JpaWebConfiguration : spring.jpa.open-in-view is enabled by default. Therefore, database queries may be performed during view rendering. Explicitly configure spring.jpa.open-in-view to disable this warning
2020-05-28 18:17:59.855  INFO 25013 --- [task-1] org.hibernate.Version                    : HHH000412: Hibernate ORM core version 5.4.15.Final
2020-05-28 18:17:59.987  INFO 25013 --- [task-1] o.hibernate.annotations.common.Version   : HCANN000001: Hibernate Commons Annotations {5.1.0.Final}
2020-05-28 18:18:00.087  INFO 25013 --- [task-1] com.zaxxer.hikari.HikariDataSource       : HikariPool-1 - Starting...
2020-05-28 18:18:00.465  INFO 25013 --- [task-1] com.zaxxer.hikari.HikariDataSource       : HikariPool-1 - Start completed.
2020-05-28 18:18:00.481  INFO 25013 --- [task-1] org.hibernate.dialect.Dialect            : HHH000400: Using dialect: org.hibernate.dialect.MySQL8Dialect
2020-05-28 18:18:00.944  INFO 25013 --- [task-1] o.h.e.t.j.p.i.JtaPlatformInitiator       : HHH000490: Using JtaPlatform implementation: [org.hibernate.engine.transaction.jta.platform.internal.NoJtaPlatform]
2020-05-28 18:18:00.949  INFO 25013 --- [task-1] j.LocalContainerEntityManagerFactoryBean : Initialized JPA EntityManagerFactory for persistence unit 'default'
2020-05-28 18:18:01.365  INFO 25013 --- [main] o.s.b.w.embedded.tomcat.TomcatWebServer  : Tomcat started on port(s): 8080 (http) with context path ''
2020-05-28 18:18:01.366  INFO 25013 --- [main] DeferredRepositoryInitializationListener : Triggering deferred initialization of Spring Data repositories…
2020-05-28 18:18:01.416  INFO 25013 --- [main] DeferredRepositoryInitializationListener : Spring Data repositories initialized!
2020-05-28 18:18:01.424  INFO 25013 --- [main] c.l.s.SprintBootBooklistApplication      : Started SprintBootBooklistApplication in 3.488 seconds (JVM running for 4.033)
2020-05-28 18:18:07.169  INFO 25013 --- [http-nio-8080-exec-1] o.a.c.c.C.[Tomcat].[localhost].[/]       : Initializing Spring DispatcherServlet 'dispatcherServlet'
2020-05-28 18:18:07.170  INFO 25013 --- [http-nio-8080-exec-1] o.s.web.servlet.DispatcherServlet        : Initializing Servlet 'dispatcherServlet'
2020-05-28 18:18:07.178  INFO 25013 --- [http-nio-8080-exec-1] o.s.web.servlet.DispatcherServlet        : Completed initialization in 8 ms
2020-05-28 18:24:30.930  INFO 25013 --- [SpringContextShutdownHook] j.LocalContainerEntityManagerFactoryBean : Closing JPA EntityManagerFactory for persistence unit 'default'
2020-05-28 18:24:30.934  INFO 25013 --- [SpringContextShutdownHook] o.s.s.concurrent.ThreadPoolTaskExecutor  : Shutting down ExecutorService 'applicationTaskExecutor'
2020-05-28 18:24:30.934  INFO 25013 --- [SpringContextShutdownHook] com.zaxxer.hikari.HikariDataSource       : HikariPool-1 - Shutdown initiated...
2020-05-28 18:24:30.940  INFO 25013 --- [SpringContextShutdownHook] com.zaxxer.hikari.HikariDataSource       : HikariPool-1 - Shutdown completed.
2020-05-28 18:24:35.058  INFO 25068 --- [main] c.l.s.SprintBootBooklistApplication      : Starting SprintBootBooklistApplication on louyilindeMBP.fios-router.home with PID 25068 (/Users/louyilin/IdeaProjects/sprint-boot-booklist/target/classes started by louyilin in /Users/louyilin/IdeaProjects/sprint-boot-booklist)
2020-05-28 18:24:35.062 DEBUG 25068 --- [main] c.l.s.SprintBootBooklistApplication      : Running with Spring Boot v2.3.0.RELEASE, Spring v5.2.6.RELEASE
2020-05-28 18:24:35.062  INFO 25068 --- [main] c.l.s.SprintBootBooklistApplication      : The following profiles are active: dev
2020-05-28 18:24:35.992  INFO 25068 --- [main] .s.d.r.c.RepositoryConfigurationDelegate : Bootstrapping Spring Data JPA repositories in DEFERRED mode.
2020-05-28 18:24:36.074  INFO 25068 --- [main] .s.d.r.c.RepositoryConfigurationDelegate : Finished Spring Data repository scanning in 71ms. Found 1 JPA repository interfaces.
2020-05-28 18:24:36.788  INFO 25068 --- [main] o.s.b.w.embedded.tomcat.TomcatWebServer  : Tomcat initialized with port(s): 8080 (http)
2020-05-28 18:24:36.801  INFO 25068 --- [main] o.apache.catalina.core.StandardService   : Starting service [Tomcat]
2020-05-28 18:24:36.801  INFO 25068 --- [main] org.apache.catalina.core.StandardEngine  : Starting Servlet engine: [Apache Tomcat/9.0.35]
2020-05-28 18:24:36.929  INFO 25068 --- [main] o.a.c.c.C.[Tomcat].[localhost].[/]       : Initializing Spring embedded WebApplicationContext
2020-05-28 18:24:36.929  INFO 25068 --- [main] o.s.web.context.ContextLoader            : Root WebApplicationContext: initialization completed in 1810 ms
2020-05-28 18:24:37.145  INFO 25068 --- [main] o.s.s.concurrent.ThreadPoolTaskExecutor  : Initializing ExecutorService 'applicationTaskExecutor'
2020-05-28 18:24:37.193  INFO 25068 --- [task-1] o.hibernate.jpa.internal.util.LogHelper  : HHH000204: Processing PersistenceUnitInfo [name: default]
2020-05-28 18:24:37.242  WARN 25068 --- [main] JpaBaseConfiguration$JpaWebConfiguration : spring.jpa.open-in-view is enabled by default. Therefore, database queries may be performed during view rendering. Explicitly configure spring.jpa.open-in-view to disable this warning
2020-05-28 18:24:37.262  INFO 25068 --- [task-1] org.hibernate.Version                    : HHH000412: Hibernate ORM core version 5.4.15.Final
2020-05-28 18:24:37.456  INFO 25068 --- [task-1] o.hibernate.annotations.common.Version   : HCANN000001: Hibernate Commons Annotations {5.1.0.Final}
2020-05-28 18:24:37.578  INFO 25068 --- [task-1] com.zaxxer.hikari.HikariDataSource       : HikariPool-1 - Starting...
2020-05-28 18:24:38.154  INFO 25068 --- [task-1] com.zaxxer.hikari.HikariDataSource       : HikariPool-1 - Start completed.
2020-05-28 18:24:38.180  INFO 25068 --- [task-1] org.hibernate.dialect.Dialect            : HHH000400: Using dialect: org.hibernate.dialect.MySQL8Dialect
2020-05-28 18:24:38.883  INFO 25068 --- [task-1] o.h.e.t.j.p.i.JtaPlatformInitiator       : HHH000490: Using JtaPlatform implementation: [org.hibernate.engine.transaction.jta.platform.internal.NoJtaPlatform]
2020-05-28 18:24:38.892  INFO 25068 --- [task-1] j.LocalContainerEntityManagerFactoryBean : Initialized JPA EntityManagerFactory for persistence unit 'default'
2020-05-28 18:24:39.478  INFO 25068 --- [main] o.s.b.w.embedded.tomcat.TomcatWebServer  : Tomcat started on port(s): 8080 (http) with context path ''
2020-05-28 18:24:39.479  INFO 25068 --- [main] DeferredRepositoryInitializationListener : Triggering deferred initialization of Spring Data repositories…
2020-05-28 18:24:39.547  INFO 25068 --- [main] DeferredRepositoryInitializationListener : Spring Data repositories initialized!
2020-05-28 18:24:39.558  INFO 25068 --- [main] c.l.s.SprintBootBooklistApplication      : Started SprintBootBooklistApplication in 5.063 seconds (JVM running for 5.919)
2020-05-28 18:24:46.917  INFO 25068 --- [http-nio-8080-exec-1] o.a.c.c.C.[Tomcat].[localhost].[/]       : Initializing Spring DispatcherServlet 'dispatcherServlet'
2020-05-28 18:24:46.917  INFO 25068 --- [http-nio-8080-exec-1] o.s.web.servlet.DispatcherServlet        : Initializing Servlet 'dispatcherServlet'
2020-05-28 18:24:46.926  INFO 25068 --- [http-nio-8080-exec-1] o.s.web.servlet.DispatcherServlet        : Completed initialization in 8 ms
2020-05-28 18:24:49.644  WARN 25068 --- [http-nio-8080-exec-2] .w.s.m.s.DefaultHandlerExceptionResolver : Resolved [org.springframework.web.bind.MissingServletRequestParameterException: Required String parameter 'description' is not present]
2020-05-28 18:36:38.848  WARN 25068 --- [http-nio-8080-exec-10] .w.s.m.s.DefaultHandlerExceptionResolver : Resolved [org.springframework.web.bind.MissingServletRequestParameterException: Required String parameter 'description' is not present]
2020-05-28 18:49:01.048  WARN 25068 --- [HikariPool-1 housekeeper] com.zaxxer.hikari.pool.HikariPool        : HikariPool-1 - Thread starvation or clock leap detected (housekeeper delta=52s605ms).
2020-05-28 19:24:29.580  WARN 25068 --- [HikariPool-1 housekeeper] com.zaxxer.hikari.pool.HikariPool        : HikariPool-1 - Thread starvation or clock leap detected (housekeeper delta=34m58s517ms).
2020-05-28 19:35:44.621  WARN 25068 --- [HikariPool-1 housekeeper] com.zaxxer.hikari.pool.HikariPool        : HikariPool-1 - Thread starvation or clock leap detected (housekeeper delta=11m15s41ms).
2020-05-28 19:43:47.429  INFO 25068 --- [SpringContextShutdownHook] j.LocalContainerEntityManagerFactoryBean : Closing JPA EntityManagerFactory for persistence unit 'default'
2020-05-28 19:43:47.433  INFO 25068 --- [SpringContextShutdownHook] o.s.s.concurrent.ThreadPoolTaskExecutor  : Shutting down ExecutorService 'applicationTaskExecutor'
2020-05-28 19:43:47.434  INFO 25068 --- [SpringContextShutdownHook] com.zaxxer.hikari.HikariDataSource       : HikariPool-1 - Shutdown initiated...
2020-05-28 19:43:47.441  INFO 25068 --- [SpringContextShutdownHook] com.zaxxer.hikari.HikariDataSource       : HikariPool-1 - Shutdown completed.
2020-05-28 19:43:51.605  INFO 25270 --- [main] c.l.s.SprintBootBooklistApplication      : Starting SprintBootBooklistApplication on louyilindeMBP.fios-router.home with PID 25270 (/Users/louyilin/IdeaProjects/sprint-boot-booklist/target/classes started by louyilin in /Users/louyilin/IdeaProjects/sprint-boot-booklist)
2020-05-28 19:43:51.609 DEBUG 25270 --- [main] c.l.s.SprintBootBooklistApplication      : Running with Spring Boot v2.3.0.RELEASE, Spring v5.2.6.RELEASE
2020-05-28 19:43:51.609  INFO 25270 --- [main] c.l.s.SprintBootBooklistApplication      : The following profiles are active: dev
2020-05-28 19:43:52.554  INFO 25270 --- [main] .s.d.r.c.RepositoryConfigurationDelegate : Bootstrapping Spring Data JPA repositories in DEFERRED mode.
2020-05-28 19:43:52.633  INFO 25270 --- [main] .s.d.r.c.RepositoryConfigurationDelegate : Finished Spring Data repository scanning in 67ms. Found 1 JPA repository interfaces.
2020-05-28 19:43:53.277  INFO 25270 --- [main] o.s.b.w.embedded.tomcat.TomcatWebServer  : Tomcat initialized with port(s): 8080 (http)
2020-05-28 19:43:53.286  INFO 25270 --- [main] o.apache.catalina.core.StandardService   : Starting service [Tomcat]
2020-05-28 19:43:53.287  INFO 25270 --- [main] org.apache.catalina.core.StandardEngine  : Starting Servlet engine: [Apache Tomcat/9.0.35]
2020-05-28 19:43:53.406  INFO 25270 --- [main] o.a.c.c.C.[Tomcat].[localhost].[/]       : Initializing Spring embedded WebApplicationContext
2020-05-28 19:43:53.407  INFO 25270 --- [main] o.s.web.context.ContextLoader            : Root WebApplicationContext: initialization completed in 1737 ms
2020-05-28 19:43:53.583  INFO 25270 --- [main] o.s.s.concurrent.ThreadPoolTaskExecutor  : Initializing ExecutorService 'applicationTaskExecutor'
2020-05-28 19:43:53.633  INFO 25270 --- [task-1] o.hibernate.jpa.internal.util.LogHelper  : HHH000204: Processing PersistenceUnitInfo [name: default]
2020-05-28 19:43:53.674  WARN 25270 --- [main] JpaBaseConfiguration$JpaWebConfiguration : spring.jpa.open-in-view is enabled by default. Therefore, database queries may be performed during view rendering. Explicitly configure spring.jpa.open-in-view to disable this warning
2020-05-28 19:43:53.694  INFO 25270 --- [task-1] org.hibernate.Version                    : HHH000412: Hibernate ORM core version 5.4.15.Final
2020-05-28 19:43:53.854  INFO 25270 --- [task-1] o.hibernate.annotations.common.Version   : HCANN000001: Hibernate Commons Annotations {5.1.0.Final}
2020-05-28 19:43:53.966  INFO 25270 --- [task-1] com.zaxxer.hikari.HikariDataSource       : HikariPool-1 - Starting...
2020-05-28 19:43:54.438  INFO 25270 --- [task-1] com.zaxxer.hikari.HikariDataSource       : HikariPool-1 - Start completed.
2020-05-28 19:43:54.459  INFO 25270 --- [task-1] org.hibernate.dialect.Dialect            : HHH000400: Using dialect: org.hibernate.dialect.MySQL8Dialect
2020-05-28 19:43:55.017  INFO 25270 --- [task-1] o.h.e.t.j.p.i.JtaPlatformInitiator       : HHH000490: Using JtaPlatform implementation: [org.hibernate.engine.transaction.jta.platform.internal.NoJtaPlatform]
2020-05-28 19:43:55.024  INFO 25270 --- [task-1] j.LocalContainerEntityManagerFactoryBean : Initialized JPA EntityManagerFactory for persistence unit 'default'
2020-05-28 19:43:55.469  INFO 25270 --- [main] o.s.b.w.embedded.tomcat.TomcatWebServer  : Tomcat started on port(s): 8080 (http) with context path ''
2020-05-28 19:43:55.470  INFO 25270 --- [main] DeferredRepositoryInitializationListener : Triggering deferred initialization of Spring Data repositories…
2020-05-28 19:43:55.528  INFO 25270 --- [main] DeferredRepositoryInitializationListener : Spring Data repositories initialized!
2020-05-28 19:43:55.537  INFO 25270 --- [main] c.l.s.SprintBootBooklistApplication      : Started SprintBootBooklistApplication in 4.547 seconds (JVM running for 5.239)
2020-05-28 19:44:13.238  INFO 25270 --- [http-nio-8080-exec-1] o.a.c.c.C.[Tomcat].[localhost].[/]       : Initializing Spring DispatcherServlet 'dispatcherServlet'
2020-05-28 19:44:13.238  INFO 25270 --- [http-nio-8080-exec-1] o.s.web.servlet.DispatcherServlet        : Initializing Servlet 'dispatcherServlet'
2020-05-28 19:44:13.247  INFO 25270 --- [http-nio-8080-exec-1] o.s.web.servlet.DispatcherServlet        : Completed initialization in 9 ms
2020-05-28 19:58:33.747  INFO 25270 --- [SpringContextShutdownHook] j.LocalContainerEntityManagerFactoryBean : Closing JPA EntityManagerFactory for persistence unit 'default'
2020-05-28 19:58:33.751  INFO 25270 --- [SpringContextShutdownHook] o.s.s.concurrent.ThreadPoolTaskExecutor  : Shutting down ExecutorService 'applicationTaskExecutor'
2020-05-28 19:58:33.752  INFO 25270 --- [SpringContextShutdownHook] com.zaxxer.hikari.HikariDataSource       : HikariPool-1 - Shutdown initiated...
2020-05-28 19:58:33.757  INFO 25270 --- [SpringContextShutdownHook] com.zaxxer.hikari.HikariDataSource       : HikariPool-1 - Shutdown completed.
2020-05-28 19:58:37.516  INFO 25344 --- [main] c.l.s.SprintBootBooklistApplication      : Starting SprintBootBooklistApplication on louyilindeMBP.fios-router.home with PID 25344 (/Users/louyilin/IdeaProjects/sprint-boot-booklist/target/classes started by louyilin in /Users/louyilin/IdeaProjects/sprint-boot-booklist)
2020-05-28 19:58:37.519 DEBUG 25344 --- [main] c.l.s.SprintBootBooklistApplication      : Running with Spring Boot v2.3.0.RELEASE, Spring v5.2.6.RELEASE
2020-05-28 19:58:37.519  INFO 25344 --- [main] c.l.s.SprintBootBooklistApplication      : The following profiles are active: dev
2020-05-28 19:58:38.357  INFO 25344 --- [main] .s.d.r.c.RepositoryConfigurationDelegate : Bootstrapping Spring Data JPA repositories in DEFERRED mode.
2020-05-28 19:58:38.431  INFO 25344 --- [main] .s.d.r.c.RepositoryConfigurationDelegate : Finished Spring Data repository scanning in 62ms. Found 1 JPA repository interfaces.
2020-05-28 19:58:39.043  INFO 25344 --- [main] o.s.b.w.embedded.tomcat.TomcatWebServer  : Tomcat initialized with port(s): 8080 (http)
2020-05-28 19:58:39.056  INFO 25344 --- [main] o.apache.catalina.core.StandardService   : Starting service [Tomcat]
2020-05-28 19:58:39.057  INFO 25344 --- [main] org.apache.catalina.core.StandardEngine  : Starting Servlet engine: [Apache Tomcat/9.0.35]
2020-05-28 19:58:39.185  INFO 25344 --- [main] o.a.c.c.C.[Tomcat].[localhost].[/]       : Initializing Spring embedded WebApplicationContext
2020-05-28 19:58:39.186  INFO 25344 --- [main] o.s.web.context.ContextLoader            : Root WebApplicationContext: initialization completed in 1613 ms
2020-05-28 19:58:39.401  INFO 25344 --- [main] o.s.s.concurrent.ThreadPoolTaskExecutor  : Initializing ExecutorService 'applicationTaskExecutor'
2020-05-28 19:58:39.444  INFO 25344 --- [task-1] o.hibernate.jpa.internal.util.LogHelper  : HHH000204: Processing PersistenceUnitInfo [name: default]
2020-05-28 19:58:39.493  WARN 25344 --- [main] JpaBaseConfiguration$JpaWebConfiguration : spring.jpa.open-in-view is enabled by default. Therefore, database queries may be performed during view rendering. Explicitly configure spring.jpa.open-in-view to disable this warning
2020-05-28 19:58:39.500  INFO 25344 --- [task-1] org.hibernate.Version                    : HHH000412: Hibernate ORM core version 5.4.15.Final
2020-05-28 19:58:39.661  INFO 25344 --- [task-1] o.hibernate.annotations.common.Version   : HCANN000001: Hibernate Commons Annotations {5.1.0.Final}
2020-05-28 19:58:39.766  INFO 25344 --- [task-1] com.zaxxer.hikari.HikariDataSource       : HikariPool-1 - Starting...
2020-05-28 19:58:40.277  INFO 25344 --- [task-1] com.zaxxer.hikari.HikariDataSource       : HikariPool-1 - Start completed.
2020-05-28 19:58:40.298  INFO 25344 --- [task-1] org.hibernate.dialect.Dialect            : HHH000400: Using dialect: org.hibernate.dialect.MySQL8Dialect
2020-05-28 19:58:40.926  INFO 25344 --- [task-1] o.h.e.t.j.p.i.JtaPlatformInitiator       : HHH000490: Using JtaPlatform implementation: [org.hibernate.engine.transaction.jta.platform.internal.NoJtaPlatform]
2020-05-28 19:58:40.933  INFO 25344 --- [task-1] j.LocalContainerEntityManagerFactoryBean : Initialized JPA EntityManagerFactory for persistence unit 'default'
2020-05-28 19:58:41.469  INFO 25344 --- [main] o.s.b.w.embedded.tomcat.TomcatWebServer  : Tomcat started on port(s): 8080 (http) with context path ''
2020-05-28 19:58:41.470  INFO 25344 --- [main] DeferredRepositoryInitializationListener : Triggering deferred initialization of Spring Data repositories…
2020-05-28 19:58:41.523  INFO 25344 --- [main] DeferredRepositoryInitializationListener : Spring Data repositories initialized!
2020-05-28 19:58:41.534  INFO 25344 --- [main] c.l.s.SprintBootBooklistApplication      : Started SprintBootBooklistApplication in 4.547 seconds (JVM running for 5.214)
2020-05-28 19:59:43.160  INFO 25344 --- [http-nio-8080-exec-1] o.a.c.c.C.[Tomcat].[localhost].[/]       : Initializing Spring DispatcherServlet 'dispatcherServlet'
2020-05-28 19:59:43.161  INFO 25344 --- [http-nio-8080-exec-1] o.s.web.servlet.DispatcherServlet        : Initializing Servlet 'dispatcherServlet'
2020-05-28 19:59:43.170  INFO 25344 --- [http-nio-8080-exec-1] o.s.web.servlet.DispatcherServlet        : Completed initialization in 9 ms
2020-05-28 20:01:21.693  INFO 25344 --- [SpringContextShutdownHook] j.LocalContainerEntityManagerFactoryBean : Closing JPA EntityManagerFactory for persistence unit 'default'
2020-05-28 20:01:21.697  INFO 25344 --- [SpringContextShutdownHook] o.s.s.concurrent.ThreadPoolTaskExecutor  : Shutting down ExecutorService 'applicationTaskExecutor'
2020-05-28 20:01:21.697  INFO 25344 --- [SpringContextShutdownHook] com.zaxxer.hikari.HikariDataSource       : HikariPool-1 - Shutdown initiated...
2020-05-28 20:01:21.703  INFO 25344 --- [SpringContextShutdownHook] com.zaxxer.hikari.HikariDataSource       : HikariPool-1 - Shutdown completed.
2020-05-28 20:01:37.070  INFO 25350 --- [main] c.l.s.SprintBootBooklistApplication      : Starting SprintBootBooklistApplication on louyilindeMBP.fios-router.home with PID 25350 (/Users/louyilin/IdeaProjects/sprint-boot-booklist/target/classes started by louyilin in /Users/louyilin/IdeaProjects/sprint-boot-booklist)
2020-05-28 20:01:37.074 DEBUG 25350 --- [main] c.l.s.SprintBootBooklistApplication      : Running with Spring Boot v2.3.0.RELEASE, Spring v5.2.6.RELEASE
2020-05-28 20:01:37.074  INFO 25350 --- [main] c.l.s.SprintBootBooklistApplication      : The following profiles are active: dev
2020-05-28 20:01:37.974  INFO 25350 --- [main] .s.d.r.c.RepositoryConfigurationDelegate : Bootstrapping Spring Data JPA repositories in DEFERRED mode.
2020-05-28 20:01:38.060  INFO 25350 --- [main] .s.d.r.c.RepositoryConfigurationDelegate : Finished Spring Data repository scanning in 74ms. Found 1 JPA repository interfaces.
2020-05-28 20:01:38.671  INFO 25350 --- [main] o.s.b.w.embedded.tomcat.TomcatWebServer  : Tomcat initialized with port(s): 8080 (http)
2020-05-28 20:01:38.682  INFO 25350 --- [main] o.apache.catalina.core.StandardService   : Starting service [Tomcat]
2020-05-28 20:01:38.682  INFO 25350 --- [main] org.apache.catalina.core.StandardEngine  : Starting Servlet engine: [Apache Tomcat/9.0.35]
2020-05-28 20:01:38.806  INFO 25350 --- [main] o.a.c.c.C.[Tomcat].[localhost].[/]       : Initializing Spring embedded WebApplicationContext
2020-05-28 20:01:38.806  INFO 25350 --- [main] o.s.web.context.ContextLoader            : Root WebApplicationContext: initialization completed in 1682 ms
2020-05-28 20:01:38.996  INFO 25350 --- [main] o.s.s.concurrent.ThreadPoolTaskExecutor  : Initializing ExecutorService 'applicationTaskExecutor'
2020-05-28 20:01:39.037  INFO 25350 --- [task-1] o.hibernate.jpa.internal.util.LogHelper  : HHH000204: Processing PersistenceUnitInfo [name: default]
2020-05-28 20:01:39.083  WARN 25350 --- [main] JpaBaseConfiguration$JpaWebConfiguration : spring.jpa.open-in-view is enabled by default. Therefore, database queries may be performed during view rendering. Explicitly configure spring.jpa.open-in-view to disable this warning
2020-05-28 20:01:39.099  INFO 25350 --- [task-1] org.hibernate.Version                    : HHH000412: Hibernate ORM core version 5.4.15.Final
2020-05-28 20:01:39.271  INFO 25350 --- [task-1] o.hibernate.annotations.common.Version   : HCANN000001: Hibernate Commons Annotations {5.1.0.Final}
2020-05-28 20:01:39.384  INFO 25350 --- [task-1] com.zaxxer.hikari.HikariDataSource       : HikariPool-1 - Starting...
2020-05-28 20:01:39.880  INFO 25350 --- [task-1] com.zaxxer.hikari.HikariDataSource       : HikariPool-1 - Start completed.
2020-05-28 20:01:39.901  INFO 25350 --- [task-1] org.hibernate.dialect.Dialect            : HHH000400: Using dialect: org.hibernate.dialect.MySQL8Dialect
2020-05-28 20:01:40.517  INFO 25350 --- [task-1] o.h.e.t.j.p.i.JtaPlatformInitiator       : HHH000490: Using JtaPlatform implementation: [org.hibernate.engine.transaction.jta.platform.internal.NoJtaPlatform]
2020-05-28 20:01:40.524  INFO 25350 --- [task-1] j.LocalContainerEntityManagerFactoryBean : Initialized JPA EntityManagerFactory for persistence unit 'default'
2020-05-28 20:01:41.042  INFO 25350 --- [main] o.s.b.w.embedded.tomcat.TomcatWebServer  : Tomcat started on port(s): 8080 (http) with context path ''
2020-05-28 20:01:41.044  INFO 25350 --- [main] DeferredRepositoryInitializationListener : Triggering deferred initialization of Spring Data repositories…
2020-05-28 20:01:41.098  INFO 25350 --- [main] DeferredRepositoryInitializationListener : Spring Data repositories initialized!
2020-05-28 20:01:41.108  INFO 25350 --- [main] c.l.s.SprintBootBooklistApplication      : Started SprintBootBooklistApplication in 4.591 seconds (JVM running for 5.291)
2020-05-28 20:01:53.460  INFO 25350 --- [http-nio-8080-exec-1] o.a.c.c.C.[Tomcat].[localhost].[/]       : Initializing Spring DispatcherServlet 'dispatcherServlet'
2020-05-28 20:01:53.460  INFO 25350 --- [http-nio-8080-exec-1] o.s.web.servlet.DispatcherServlet        : Initializing Servlet 'dispatcherServlet'
2020-05-28 20:01:53.469  INFO 25350 --- [http-nio-8080-exec-1] o.s.web.servlet.DispatcherServlet        : Completed initialization in 9 ms
2020-05-28 20:16:56.515  WARN 25350 --- [HikariPool-1 housekeeper] com.zaxxer.hikari.pool.HikariPool        : HikariPool-1 - Thread starvation or clock leap detected (housekeeper delta=5m15s921ms).
2020-05-28 20:26:32.202  INFO 25350 --- [SpringContextShutdownHook] j.LocalContainerEntityManagerFactoryBean : Closing JPA EntityManagerFactory for persistence unit 'default'
2020-05-28 20:26:32.213  INFO 25350 --- [SpringContextShutdownHook] o.s.s.concurrent.ThreadPoolTaskExecutor  : Shutting down ExecutorService 'applicationTaskExecutor'
2020-05-28 20:26:32.214  INFO 25350 --- [SpringContextShutdownHook] com.zaxxer.hikari.HikariDataSource       : HikariPool-1 - Shutdown initiated...
2020-05-28 20:26:32.223  INFO 25350 --- [SpringContextShutdownHook] com.zaxxer.hikari.HikariDataSource       : HikariPool-1 - Shutdown completed.
2020-05-28 20:37:21.524  INFO 25507 --- [main] c.l.s.SprintBootBooklistApplication      : Starting SprintBootBooklistApplication on louyilindeMBP.fios-router.home with PID 25507 (/Users/louyilin/IdeaProjects/sprint-boot-booklist/target/classes started by louyilin in /Users/louyilin/IdeaProjects/sprint-boot-booklist)
2020-05-28 20:37:21.529 DEBUG 25507 --- [main] c.l.s.SprintBootBooklistApplication      : Running with Spring Boot v2.3.0.RELEASE, Spring v5.2.6.RELEASE
2020-05-28 20:37:21.529  INFO 25507 --- [main] c.l.s.SprintBootBooklistApplication      : The following profiles are active: dev
2020-05-28 20:37:22.774  INFO 25507 --- [main] .s.d.r.c.RepositoryConfigurationDelegate : Bootstrapping Spring Data JPA repositories in DEFERRED mode.
2020-05-28 20:37:22.874  INFO 25507 --- [main] .s.d.r.c.RepositoryConfigurationDelegate : Finished Spring Data repository scanning in 84ms. Found 1 JPA repository interfaces.
2020-05-28 20:37:23.668  INFO 25507 --- [main] o.s.b.w.embedded.tomcat.TomcatWebServer  : Tomcat initialized with port(s): 8080 (http)
2020-05-28 20:37:23.684  INFO 25507 --- [main] o.apache.catalina.core.StandardService   : Starting service [Tomcat]
2020-05-28 20:37:23.684  INFO 25507 --- [main] org.apache.catalina.core.StandardEngine  : Starting Servlet engine: [Apache Tomcat/9.0.35]
2020-05-28 20:37:23.847  INFO 25507 --- [main] o.a.c.c.C.[Tomcat].[localhost].[/]       : Initializing Spring embedded WebApplicationContext
2020-05-28 20:37:23.848  INFO 25507 --- [main] o.s.web.context.ContextLoader            : Root WebApplicationContext: initialization completed in 2230 ms
2020-05-28 20:37:24.101  INFO 25507 --- [main] o.s.s.concurrent.ThreadPoolTaskExecutor  : Initializing ExecutorService 'applicationTaskExecutor'
2020-05-28 20:37:24.160  INFO 25507 --- [task-1] o.hibernate.jpa.internal.util.LogHelper  : HHH000204: Processing PersistenceUnitInfo [name: default]
2020-05-28 20:37:24.220  WARN 25507 --- [main] JpaBaseConfiguration$JpaWebConfiguration : spring.jpa.open-in-view is enabled by default. Therefore, database queries may be performed during view rendering. Explicitly configure spring.jpa.open-in-view to disable this warning
2020-05-28 20:37:24.258  INFO 25507 --- [task-1] org.hibernate.Version                    : HHH000412: Hibernate ORM core version 5.4.15.Final
2020-05-28 20:37:24.498  INFO 25507 --- [task-1] o.hibernate.annotations.common.Version   : HCANN000001: Hibernate Commons Annotations {5.1.0.Final}
2020-05-28 20:37:24.637  INFO 25507 --- [task-1] com.zaxxer.hikari.HikariDataSource       : HikariPool-1 - Starting...
2020-05-28 20:37:25.234  INFO 25507 --- [task-1] com.zaxxer.hikari.HikariDataSource       : HikariPool-1 - Start completed.
2020-05-28 20:37:25.268  INFO 25507 --- [task-1] org.hibernate.dialect.Dialect            : HHH000400: Using dialect: org.hibernate.dialect.MySQL8Dialect
2020-05-28 20:37:26.132  INFO 25507 --- [task-1] o.h.e.t.j.p.i.JtaPlatformInitiator       : HHH000490: Using JtaPlatform implementation: [org.hibernate.engine.transaction.jta.platform.internal.NoJtaPlatform]
2020-05-28 20:37:26.143  INFO 25507 --- [task-1] j.LocalContainerEntityManagerFactoryBean : Initialized JPA EntityManagerFactory for persistence unit 'default'
2020-05-28 20:37:26.891  INFO 25507 --- [main] o.s.b.w.embedded.tomcat.TomcatWebServer  : Tomcat started on port(s): 8080 (http) with context path ''
2020-05-28 20:37:26.892  INFO 25507 --- [main] DeferredRepositoryInitializationListener : Triggering deferred initialization of Spring Data repositories…
2020-05-28 20:37:26.968  INFO 25507 --- [main] DeferredRepositoryInitializationListener : Spring Data repositories initialized!
2020-05-28 20:37:26.980  INFO 25507 --- [main] c.l.s.SprintBootBooklistApplication      : Started SprintBootBooklistApplication in 6.289 seconds (JVM running for 7.277)
2020-05-28 20:39:07.152  INFO 25507 --- [SpringContextShutdownHook] j.LocalContainerEntityManagerFactoryBean : Closing JPA EntityManagerFactory for persistence unit 'default'
2020-05-28 20:39:07.156  INFO 25507 --- [SpringContextShutdownHook] o.s.s.concurrent.ThreadPoolTaskExecutor  : Shutting down ExecutorService 'applicationTaskExecutor'
2020-05-28 20:39:07.156  INFO 25507 --- [SpringContextShutdownHook] com.zaxxer.hikari.HikariDataSource       : HikariPool-1 - Shutdown initiated...
2020-05-28 20:39:07.170  INFO 25507 --- [SpringContextShutdownHook] com.zaxxer.hikari.HikariDataSource       : HikariPool-1 - Shutdown completed.
2020-05-28 20:39:11.476  INFO 25552 --- [main] c.l.s.SprintBootBooklistApplication      : Starting SprintBootBooklistApplication on louyilindeMBP.fios-router.home with PID 25552 (/Users/louyilin/IdeaProjects/sprint-boot-booklist/target/classes started by louyilin in /Users/louyilin/IdeaProjects/sprint-boot-booklist)
2020-05-28 20:39:11.480 DEBUG 25552 --- [main] c.l.s.SprintBootBooklistApplication      : Running with Spring Boot v2.3.0.RELEASE, Spring v5.2.6.RELEASE
2020-05-28 20:39:11.480  INFO 25552 --- [main] c.l.s.SprintBootBooklistApplication      : The following profiles are active: dev
2020-05-28 20:39:12.492  INFO 25552 --- [main] .s.d.r.c.RepositoryConfigurationDelegate : Bootstrapping Spring Data JPA repositories in DEFERRED mode.
2020-05-28 20:39:12.576  INFO 25552 --- [main] .s.d.r.c.RepositoryConfigurationDelegate : Finished Spring Data repository scanning in 72ms. Found 1 JPA repository interfaces.
2020-05-28 20:39:13.320  INFO 25552 --- [main] o.s.b.w.embedded.tomcat.TomcatWebServer  : Tomcat initialized with port(s): 8080 (http)
2020-05-28 20:39:13.332  INFO 25552 --- [main] o.apache.catalina.core.StandardService   : Starting service [Tomcat]
2020-05-28 20:39:13.333  INFO 25552 --- [main] org.apache.catalina.core.StandardEngine  : Starting Servlet engine: [Apache Tomcat/9.0.35]
2020-05-28 20:39:13.482  INFO 25552 --- [main] o.a.c.c.C.[Tomcat].[localhost].[/]       : Initializing Spring embedded WebApplicationContext
2020-05-28 20:39:13.482  INFO 25552 --- [main] o.s.web.context.ContextLoader            : Root WebApplicationContext: initialization completed in 1936 ms
2020-05-28 20:39:13.717  INFO 25552 --- [main] o.s.s.concurrent.ThreadPoolTaskExecutor  : Initializing ExecutorService 'applicationTaskExecutor'
2020-05-28 20:39:13.771  INFO 25552 --- [task-1] o.hibernate.jpa.internal.util.LogHelper  : HHH000204: Processing PersistenceUnitInfo [name: default]
2020-05-28 20:39:13.821  WARN 25552 --- [main] JpaBaseConfiguration$JpaWebConfiguration : spring.jpa.open-in-view is enabled by default. Therefore, database queries may be performed during view rendering. Explicitly configure spring.jpa.open-in-view to disable this warning
2020-05-28 20:39:13.844  INFO 25552 --- [task-1] org.hibernate.Version                    : HHH000412: Hibernate ORM core version 5.4.15.Final
2020-05-28 20:39:14.043  INFO 25552 --- [task-1] o.hibernate.annotations.common.Version   : HCANN000001: Hibernate Commons Annotations {5.1.0.Final}
2020-05-28 20:39:14.180  INFO 25552 --- [task-1] com.zaxxer.hikari.HikariDataSource       : HikariPool-1 - Starting...
2020-05-28 20:39:14.828  INFO 25552 --- [task-1] com.zaxxer.hikari.HikariDataSource       : HikariPool-1 - Start completed.
2020-05-28 20:39:14.854  INFO 25552 --- [task-1] org.hibernate.dialect.Dialect            : HHH000400: Using dialect: org.hibernate.dialect.MySQL8Dialect
2020-05-28 20:39:15.669  INFO 25552 --- [task-1] o.h.e.t.j.p.i.JtaPlatformInitiator       : HHH000490: Using JtaPlatform implementation: [org.hibernate.engine.transaction.jta.platform.internal.NoJtaPlatform]
2020-05-28 20:39:15.680  INFO 25552 --- [task-1] j.LocalContainerEntityManagerFactoryBean : Initialized JPA EntityManagerFactory for persistence unit 'default'
2020-05-28 20:39:16.433  INFO 25552 --- [main] o.s.b.w.embedded.tomcat.TomcatWebServer  : Tomcat started on port(s): 8080 (http) with context path ''
2020-05-28 20:39:16.435  INFO 25552 --- [main] DeferredRepositoryInitializationListener : Triggering deferred initialization of Spring Data repositories…
2020-05-28 20:39:16.509  INFO 25552 --- [main] DeferredRepositoryInitializationListener : Spring Data repositories initialized!
2020-05-28 20:39:16.524  INFO 25552 --- [main] c.l.s.SprintBootBooklistApplication      : Started SprintBootBooklistApplication in 5.673 seconds (JVM running for 6.5)
2020-05-28 20:39:33.439  INFO 25552 --- [http-nio-8080-exec-1] o.a.c.c.C.[Tomcat].[localhost].[/]       : Initializing Spring DispatcherServlet 'dispatcherServlet'
2020-05-28 20:39:33.441  INFO 25552 --- [http-nio-8080-exec-1] o.s.web.servlet.DispatcherServlet        : Initializing Servlet 'dispatcherServlet'
2020-05-28 20:39:33.454  INFO 25552 --- [http-nio-8080-exec-1] o.s.web.servlet.DispatcherServlet        : Completed initialization in 12 ms
2020-05-28 20:40:46.131  INFO 25552 --- [SpringContextShutdownHook] j.LocalContainerEntityManagerFactoryBean : Closing JPA EntityManagerFactory for persistence unit 'default'
2020-05-28 20:40:46.136  INFO 25552 --- [SpringContextShutdownHook] o.s.s.concurrent.ThreadPoolTaskExecutor  : Shutting down ExecutorService 'applicationTaskExecutor'
2020-05-28 20:40:46.137  INFO 25552 --- [SpringContextShutdownHook] com.zaxxer.hikari.HikariDataSource       : HikariPool-1 - Shutdown initiated...
2020-05-28 20:40:46.148  INFO 25552 --- [SpringContextShutdownHook] com.zaxxer.hikari.HikariDataSource       : HikariPool-1 - Shutdown completed.
2020-05-28 20:40:51.289  INFO 25559 --- [main] c.l.s.SprintBootBooklistApplication      : Starting SprintBootBooklistApplication on louyilindeMBP.fios-router.home with PID 25559 (/Users/louyilin/IdeaProjects/sprint-boot-booklist/target/classes started by louyilin in /Users/louyilin/IdeaProjects/sprint-boot-booklist)
2020-05-28 20:40:51.293 DEBUG 25559 --- [main] c.l.s.SprintBootBooklistApplication      : Running with Spring Boot v2.3.0.RELEASE, Spring v5.2.6.RELEASE
2020-05-28 20:40:51.293  INFO 25559 --- [main] c.l.s.SprintBootBooklistApplication      : The following profiles are active: dev
2020-05-28 20:40:52.588  INFO 25559 --- [main] .s.d.r.c.RepositoryConfigurationDelegate : Bootstrapping Spring Data JPA repositories in DEFERRED mode.
2020-05-28 20:40:52.709  INFO 25559 --- [main] .s.d.r.c.RepositoryConfigurationDelegate : Finished Spring Data repository scanning in 99ms. Found 1 JPA repository interfaces.
2020-05-28 20:40:53.556  INFO 25559 --- [main] o.s.b.w.embedded.tomcat.TomcatWebServer  : Tomcat initialized with port(s): 8080 (http)
2020-05-28 20:40:53.574  INFO 25559 --- [main] o.apache.catalina.core.StandardService   : Starting service [Tomcat]
2020-05-28 20:40:53.575  INFO 25559 --- [main] org.apache.catalina.core.StandardEngine  : Starting Servlet engine: [Apache Tomcat/9.0.35]
2020-05-28 20:40:53.782  INFO 25559 --- [main] o.a.c.c.C.[Tomcat].[localhost].[/]       : Initializing Spring embedded WebApplicationContext
2020-05-28 20:40:53.783  INFO 25559 --- [main] o.s.web.context.ContextLoader            : Root WebApplicationContext: initialization completed in 2429 ms
2020-05-28 20:40:54.040  INFO 25559 --- [main] o.s.s.concurrent.ThreadPoolTaskExecutor  : Initializing ExecutorService 'applicationTaskExecutor'
2020-05-28 20:40:54.094  INFO 25559 --- [task-1] o.hibernate.jpa.internal.util.LogHelper  : HHH000204: Processing PersistenceUnitInfo [name: default]
2020-05-28 20:40:54.151  WARN 25559 --- [main] JpaBaseConfiguration$JpaWebConfiguration : spring.jpa.open-in-view is enabled by default. Therefore, database queries may be performed during view rendering. Explicitly configure spring.jpa.open-in-view to disable this warning
2020-05-28 20:40:54.165  INFO 25559 --- [task-1] org.hibernate.Version                    : HHH000412: Hibernate ORM core version 5.4.15.Final
2020-05-28 20:40:54.364  INFO 25559 --- [task-1] o.hibernate.annotations.common.Version   : HCANN000001: Hibernate Commons Annotations {5.1.0.Final}
2020-05-28 20:40:54.505  INFO 25559 --- [task-1] com.zaxxer.hikari.HikariDataSource       : HikariPool-1 - Starting...
2020-05-28 20:40:55.164  INFO 25559 --- [task-1] com.zaxxer.hikari.HikariDataSource       : HikariPool-1 - Start completed.
2020-05-28 20:40:55.190  INFO 25559 --- [task-1] org.hibernate.dialect.Dialect            : HHH000400: Using dialect: org.hibernate.dialect.MySQL8Dialect
2020-05-28 20:40:56.046  INFO 25559 --- [task-1] o.h.e.t.j.p.i.JtaPlatformInitiator       : HHH000490: Using JtaPlatform implementation: [org.hibernate.engine.transaction.jta.platform.internal.NoJtaPlatform]
2020-05-28 20:40:56.060  INFO 25559 --- [task-1] j.LocalContainerEntityManagerFactoryBean : Initialized JPA EntityManagerFactory for persistence unit 'default'
2020-05-28 20:40:56.840  INFO 25559 --- [main] o.s.b.w.embedded.tomcat.TomcatWebServer  : Tomcat started on port(s): 8080 (http) with context path ''
2020-05-28 20:40:56.842  INFO 25559 --- [main] DeferredRepositoryInitializationListener : Triggering deferred initialization of Spring Data repositories…
2020-05-28 20:40:56.930  INFO 25559 --- [main] DeferredRepositoryInitializationListener : Spring Data repositories initialized!
2020-05-28 20:40:56.948  INFO 25559 --- [main] c.l.s.SprintBootBooklistApplication      : Started SprintBootBooklistApplication in 6.518 seconds (JVM running for 7.443)
2020-05-28 20:41:06.871  INFO 25559 --- [http-nio-8080-exec-1] o.a.c.c.C.[Tomcat].[localhost].[/]       : Initializing Spring DispatcherServlet 'dispatcherServlet'
2020-05-28 20:41:06.872  INFO 25559 --- [http-nio-8080-exec-1] o.s.web.servlet.DispatcherServlet        : Initializing Servlet 'dispatcherServlet'
2020-05-28 20:41:06.881  INFO 25559 --- [http-nio-8080-exec-1] o.s.web.servlet.DispatcherServlet        : Completed initialization in 9 ms
2020-05-28 20:49:04.153  INFO 25559 --- [SpringContextShutdownHook] j.LocalContainerEntityManagerFactoryBean : Closing JPA EntityManagerFactory for persistence unit 'default'
2020-05-28 20:49:04.155  INFO 25559 --- [SpringContextShutdownHook] o.s.s.concurrent.ThreadPoolTaskExecutor  : Shutting down ExecutorService 'applicationTaskExecutor'
2020-05-28 20:49:04.156  INFO 25559 --- [SpringContextShutdownHook] com.zaxxer.hikari.HikariDataSource       : HikariPool-1 - Shutdown initiated...
2020-05-28 20:49:04.164  INFO 25559 --- [SpringContextShutdownHook] com.zaxxer.hikari.HikariDataSource       : HikariPool-1 - Shutdown completed.
2020-05-28 20:49:07.643  INFO 25570 --- [main] c.l.s.SprintBootBooklistApplication      : Starting SprintBootBooklistApplication on louyilindeMBP.fios-router.home with PID 25570 (/Users/louyilin/IdeaProjects/sprint-boot-booklist/target/classes started by louyilin in /Users/louyilin/IdeaProjects/sprint-boot-booklist)
2020-05-28 20:49:07.650 DEBUG 25570 --- [main] c.l.s.SprintBootBooklistApplication      : Running with Spring Boot v2.3.0.RELEASE, Spring v5.2.6.RELEASE
2020-05-28 20:49:07.651  INFO 25570 --- [main] c.l.s.SprintBootBooklistApplication      : The following profiles are active: dev
2020-05-28 20:49:08.604  INFO 25570 --- [main] .s.d.r.c.RepositoryConfigurationDelegate : Bootstrapping Spring Data JPA repositories in DEFERRED mode.
2020-05-28 20:49:08.681  INFO 25570 --- [main] .s.d.r.c.RepositoryConfigurationDelegate : Finished Spring Data repository scanning in 63ms. Found 1 JPA repository interfaces.
2020-05-28 20:49:09.421  INFO 25570 --- [main] o.s.b.w.embedded.tomcat.TomcatWebServer  : Tomcat initialized with port(s): 8080 (http)
2020-05-28 20:49:09.433  INFO 25570 --- [main] o.apache.catalina.core.StandardService   : Starting service [Tomcat]
2020-05-28 20:49:09.435  INFO 25570 --- [main] org.apache.catalina.core.StandardEngine  : Starting Servlet engine: [Apache Tomcat/9.0.35]
2020-05-28 20:49:09.577  INFO 25570 --- [main] o.a.c.c.C.[Tomcat].[localhost].[/]       : Initializing Spring embedded WebApplicationContext
2020-05-28 20:49:09.578  INFO 25570 --- [main] o.s.web.context.ContextLoader            : Root WebApplicationContext: initialization completed in 1850 ms
2020-05-28 20:49:09.818  INFO 25570 --- [main] o.s.s.concurrent.ThreadPoolTaskExecutor  : Initializing ExecutorService 'applicationTaskExecutor'
2020-05-28 20:49:09.865  INFO 25570 --- [task-1] o.hibernate.jpa.internal.util.LogHelper  : HHH000204: Processing PersistenceUnitInfo [name: default]
2020-05-28 20:49:09.910  WARN 25570 --- [main] JpaBaseConfiguration$JpaWebConfiguration : spring.jpa.open-in-view is enabled by default. Therefore, database queries may be performed during view rendering. Explicitly configure spring.jpa.open-in-view to disable this warning
2020-05-28 20:49:09.929  INFO 25570 --- [task-1] org.hibernate.Version                    : HHH000412: Hibernate ORM core version 5.4.15.Final
2020-05-28 20:49:10.090  INFO 25570 --- [task-1] o.hibernate.annotations.common.Version   : HCANN000001: Hibernate Commons Annotations {5.1.0.Final}
2020-05-28 20:49:10.194  INFO 25570 --- [task-1] com.zaxxer.hikari.HikariDataSource       : HikariPool-1 - Starting...
2020-05-28 20:49:10.691  INFO 25570 --- [task-1] com.zaxxer.hikari.HikariDataSource       : HikariPool-1 - Start completed.
2020-05-28 20:49:10.713  INFO 25570 --- [task-1] org.hibernate.dialect.Dialect            : HHH000400: Using dialect: org.hibernate.dialect.MySQL8Dialect
2020-05-28 20:49:11.241  INFO 25570 --- [task-1] o.h.e.t.j.p.i.JtaPlatformInitiator       : HHH000490: Using JtaPlatform implementation: [org.hibernate.engine.transaction.jta.platform.internal.NoJtaPlatform]
2020-05-28 20:49:11.247  INFO 25570 --- [task-1] j.LocalContainerEntityManagerFactoryBean : Initialized JPA EntityManagerFactory for persistence unit 'default'
2020-05-28 20:49:11.656  INFO 25570 --- [main] o.s.b.w.embedded.tomcat.TomcatWebServer  : Tomcat started on port(s): 8080 (http) with context path ''
2020-05-28 20:49:11.657  INFO 25570 --- [main] DeferredRepositoryInitializationListener : Triggering deferred initialization of Spring Data repositories…
2020-05-28 20:49:11.697  INFO 25570 --- [main] DeferredRepositoryInitializationListener : Spring Data repositories initialized!
2020-05-28 20:49:11.709  INFO 25570 --- [main] c.l.s.SprintBootBooklistApplication      : Started SprintBootBooklistApplication in 4.577 seconds (JVM running for 5.209)
2020-05-28 20:52:09.508  INFO 25570 --- [http-nio-8080-exec-1] o.a.c.c.C.[Tomcat].[localhost].[/]       : Initializing Spring DispatcherServlet 'dispatcherServlet'
2020-05-28 20:52:09.508  INFO 25570 --- [http-nio-8080-exec-1] o.s.web.servlet.DispatcherServlet        : Initializing Servlet 'dispatcherServlet'
2020-05-28 20:52:09.515  INFO 25570 --- [http-nio-8080-exec-1] o.s.web.servlet.DispatcherServlet        : Completed initialization in 7 ms
2020-05-28 21:12:37.934  INFO 25570 --- [SpringContextShutdownHook] j.LocalContainerEntityManagerFactoryBean : Closing JPA EntityManagerFactory for persistence unit 'default'
2020-05-28 21:12:37.943  INFO 25570 --- [SpringContextShutdownHook] o.s.s.concurrent.ThreadPoolTaskExecutor  : Shutting down ExecutorService 'applicationTaskExecutor'
2020-05-28 21:12:37.944  INFO 25570 --- [SpringContextShutdownHook] com.zaxxer.hikari.HikariDataSource       : HikariPool-1 - Shutdown initiated...
2020-05-28 21:12:37.952  INFO 25570 --- [SpringContextShutdownHook] com.zaxxer.hikari.HikariDataSource       : HikariPool-1 - Shutdown completed.
2020-05-28 21:12:42.156  INFO 25721 --- [main] c.l.s.SprintBootBooklistApplication      : Starting SprintBootBooklistApplication on louyilindeMBP.fios-router.home with PID 25721 (/Users/louyilin/IdeaProjects/sprint-boot-booklist/target/classes started by louyilin in /Users/louyilin/IdeaProjects/sprint-boot-booklist)
2020-05-28 21:12:42.159 DEBUG 25721 --- [main] c.l.s.SprintBootBooklistApplication      : Running with Spring Boot v2.3.0.RELEASE, Spring v5.2.6.RELEASE
2020-05-28 21:12:42.160  INFO 25721 --- [main] c.l.s.SprintBootBooklistApplication      : The following profiles are active: dev
2020-05-28 21:12:43.028  INFO 25721 --- [main] .s.d.r.c.RepositoryConfigurationDelegate : Bootstrapping Spring Data JPA repositories in DEFERRED mode.
2020-05-28 21:12:43.102  INFO 25721 --- [main] .s.d.r.c.RepositoryConfigurationDelegate : Finished Spring Data repository scanning in 63ms. Found 1 JPA repository interfaces.
2020-05-28 21:12:43.736  INFO 25721 --- [main] o.s.b.w.embedded.tomcat.TomcatWebServer  : Tomcat initialized with port(s): 8080 (http)
2020-05-28 21:12:43.747  INFO 25721 --- [main] o.apache.catalina.core.StandardService   : Starting service [Tomcat]
2020-05-28 21:12:43.748  INFO 25721 --- [main] org.apache.catalina.core.StandardEngine  : Starting Servlet engine: [Apache Tomcat/9.0.35]
2020-05-28 21:12:43.878  INFO 25721 --- [main] o.a.c.c.C.[Tomcat].[localhost].[/]       : Initializing Spring embedded WebApplicationContext
2020-05-28 21:12:43.879  INFO 25721 --- [main] o.s.web.context.ContextLoader            : Root WebApplicationContext: initialization completed in 1667 ms
2020-05-28 21:12:44.067  INFO 25721 --- [main] o.s.s.concurrent.ThreadPoolTaskExecutor  : Initializing ExecutorService 'applicationTaskExecutor'
2020-05-28 21:12:44.112  INFO 25721 --- [task-1] o.hibernate.jpa.internal.util.LogHelper  : HHH000204: Processing PersistenceUnitInfo [name: default]
2020-05-28 21:12:44.161  WARN 25721 --- [main] JpaBaseConfiguration$JpaWebConfiguration : spring.jpa.open-in-view is enabled by default. Therefore, database queries may be performed during view rendering. Explicitly configure spring.jpa.open-in-view to disable this warning
2020-05-28 21:12:44.174  INFO 25721 --- [task-1] org.hibernate.Version                    : HHH000412: Hibernate ORM core version 5.4.15.Final
2020-05-28 21:12:44.341  INFO 25721 --- [task-1] o.hibernate.annotations.common.Version   : HCANN000001: Hibernate Commons Annotations {5.1.0.Final}
2020-05-28 21:12:44.450  INFO 25721 --- [task-1] com.zaxxer.hikari.HikariDataSource       : HikariPool-1 - Starting...
2020-05-28 21:12:44.963  INFO 25721 --- [task-1] com.zaxxer.hikari.HikariDataSource       : HikariPool-1 - Start completed.
2020-05-28 21:12:44.983  INFO 25721 --- [task-1] org.hibernate.dialect.Dialect            : HHH000400: Using dialect: org.hibernate.dialect.MySQL8Dialect
2020-05-28 21:12:45.598  INFO 25721 --- [task-1] o.h.e.t.j.p.i.JtaPlatformInitiator       : HHH000490: Using JtaPlatform implementation: [org.hibernate.engine.transaction.jta.platform.internal.NoJtaPlatform]
2020-05-28 21:12:45.606  INFO 25721 --- [task-1] j.LocalContainerEntityManagerFactoryBean : Initialized JPA EntityManagerFactory for persistence unit 'default'
2020-05-28 21:12:46.157  INFO 25721 --- [main] o.s.b.w.embedded.tomcat.TomcatWebServer  : Tomcat started on port(s): 8080 (http) with context path ''
2020-05-28 21:12:46.159  INFO 25721 --- [main] DeferredRepositoryInitializationListener : Triggering deferred initialization of Spring Data repositories…
2020-05-28 21:12:46.228  INFO 25721 --- [main] DeferredRepositoryInitializationListener : Spring Data repositories initialized!
2020-05-28 21:12:46.243  INFO 25721 --- [main] c.l.s.SprintBootBooklistApplication      : Started SprintBootBooklistApplication in 4.661 seconds (JVM running for 5.385)
2020-05-28 21:13:43.232  INFO 25721 --- [http-nio-8080-exec-1] o.a.c.c.C.[Tomcat].[localhost].[/]       : Initializing Spring DispatcherServlet 'dispatcherServlet'
2020-05-28 21:13:43.232  INFO 25721 --- [http-nio-8080-exec-1] o.s.web.servlet.DispatcherServlet        : Initializing Servlet 'dispatcherServlet'
2020-05-28 21:13:43.245  INFO 25721 --- [http-nio-8080-exec-1] o.s.web.servlet.DispatcherServlet        : Completed initialization in 13 ms
2020-05-28 21:13:48.850 ERROR 25721 --- [http-nio-8080-exec-2] o.a.c.c.C.[.[.[/].[dispatcherServlet]    : Servlet.service() for servlet [dispatcherServlet] in context with path [] threw exception [Request processing failed; nested exception is java.util.NoSuchElementException: No value present] with root cause

java.util.NoSuchElementException: No value present
	at java.util.Optional.get(Optional.java:135) ~[na:1.8.0_221]
	at com.lyl.sprintbootbooklist.service.BookService.findOne(BookService.java:44) ~[classes/:na]
	at com.lyl.sprintbootbooklist.web.BookApp.getOne(BookApp.java:49) ~[classes/:na]
	at sun.reflect.NativeMethodAccessorImpl.invoke0(Native Method) ~[na:1.8.0_221]
	at sun.reflect.NativeMethodAccessorImpl.invoke(NativeMethodAccessorImpl.java:62) ~[na:1.8.0_221]
	at sun.reflect.DelegatingMethodAccessorImpl.invoke(DelegatingMethodAccessorImpl.java:43) ~[na:1.8.0_221]
	at java.lang.reflect.Method.invoke(Method.java:498) ~[na:1.8.0_221]
	at org.springframework.web.method.support.InvocableHandlerMethod.doInvoke(InvocableHandlerMethod.java:190) ~[spring-web-5.2.6.RELEASE.jar:5.2.6.RELEASE]
	at org.springframework.web.method.support.InvocableHandlerMethod.invokeForRequest(InvocableHandlerMethod.java:138) ~[spring-web-5.2.6.RELEASE.jar:5.2.6.RELEASE]
	at org.springframework.web.servlet.mvc.method.annotation.ServletInvocableHandlerMethod.invokeAndHandle(ServletInvocableHandlerMethod.java:105) ~[spring-webmvc-5.2.6.RELEASE.jar:5.2.6.RELEASE]
	at org.springframework.web.servlet.mvc.method.annotation.RequestMappingHandlerAdapter.invokeHandlerMethod(RequestMappingHandlerAdapter.java:879) ~[spring-webmvc-5.2.6.RELEASE.jar:5.2.6.RELEASE]
	at org.springframework.web.servlet.mvc.method.annotation.RequestMappingHandlerAdapter.handleInternal(RequestMappingHandlerAdapter.java:793) ~[spring-webmvc-5.2.6.RELEASE.jar:5.2.6.RELEASE]
	at org.springframework.web.servlet.mvc.method.AbstractHandlerMethodAdapter.handle(AbstractHandlerMethodAdapter.java:87) ~[spring-webmvc-5.2.6.RELEASE.jar:5.2.6.RELEASE]
	at org.springframework.web.servlet.DispatcherServlet.doDispatch(DispatcherServlet.java:1040) ~[spring-webmvc-5.2.6.RELEASE.jar:5.2.6.RELEASE]
	at org.springframework.web.servlet.DispatcherServlet.doService(DispatcherServlet.java:943) ~[spring-webmvc-5.2.6.RELEASE.jar:5.2.6.RELEASE]
	at org.springframework.web.servlet.FrameworkServlet.processRequest(FrameworkServlet.java:1006) ~[spring-webmvc-5.2.6.RELEASE.jar:5.2.6.RELEASE]
	at org.springframework.web.servlet.FrameworkServlet.doGet(FrameworkServlet.java:898) ~[spring-webmvc-5.2.6.RELEASE.jar:5.2.6.RELEASE]
	at javax.servlet.http.HttpServlet.service(HttpServlet.java:634) ~[tomcat-embed-core-9.0.35.jar:9.0.35]
	at org.springframework.web.servlet.FrameworkServlet.service(FrameworkServlet.java:883) ~[spring-webmvc-5.2.6.RELEASE.jar:5.2.6.RELEASE]
	at javax.servlet.http.HttpServlet.service(HttpServlet.java:741) ~[tomcat-embed-core-9.0.35.jar:9.0.35]
	at org.apache.catalina.core.ApplicationFilterChain.internalDoFilter(ApplicationFilterChain.java:231) ~[tomcat-embed-core-9.0.35.jar:9.0.35]
	at org.apache.catalina.core.ApplicationFilterChain.doFilter(ApplicationFilterChain.java:166) ~[tomcat-embed-core-9.0.35.jar:9.0.35]
	at org.apache.tomcat.websocket.server.WsFilter.doFilter(WsFilter.java:53) ~[tomcat-embed-websocket-9.0.35.jar:9.0.35]
	at org.apache.catalina.core.ApplicationFilterChain.internalDoFilter(ApplicationFilterChain.java:193) ~[tomcat-embed-core-9.0.35.jar:9.0.35]
	at org.apache.catalina.core.ApplicationFilterChain.doFilter(ApplicationFilterChain.java:166) ~[tomcat-embed-core-9.0.35.jar:9.0.35]
	at org.springframework.web.filter.RequestContextFilter.doFilterInternal(RequestContextFilter.java:100) ~[spring-web-5.2.6.RELEASE.jar:5.2.6.RELEASE]
	at org.springframework.web.filter.OncePerRequestFilter.doFilter(OncePerRequestFilter.java:119) ~[spring-web-5.2.6.RELEASE.jar:5.2.6.RELEASE]
	at org.apache.catalina.core.ApplicationFilterChain.internalDoFilter(ApplicationFilterChain.java:193) ~[tomcat-embed-core-9.0.35.jar:9.0.35]
	at org.apache.catalina.core.ApplicationFilterChain.doFilter(ApplicationFilterChain.java:166) ~[tomcat-embed-core-9.0.35.jar:9.0.35]
	at org.springframework.web.filter.FormContentFilter.doFilterInternal(FormContentFilter.java:93) ~[spring-web-5.2.6.RELEASE.jar:5.2.6.RELEASE]
	at org.springframework.web.filter.OncePerRequestFilter.doFilter(OncePerRequestFilter.java:119) ~[spring-web-5.2.6.RELEASE.jar:5.2.6.RELEASE]
	at org.apache.catalina.core.ApplicationFilterChain.internalDoFilter(ApplicationFilterChain.java:193) ~[tomcat-embed-core-9.0.35.jar:9.0.35]
	at org.apache.catalina.core.ApplicationFilterChain.doFilter(ApplicationFilterChain.java:166) ~[tomcat-embed-core-9.0.35.jar:9.0.35]
	at org.springframework.web.filter.CharacterEncodingFilter.doFilterInternal(CharacterEncodingFilter.java:201) ~[spring-web-5.2.6.RELEASE.jar:5.2.6.RELEASE]
	at org.springframework.web.filter.OncePerRequestFilter.doFilter(OncePerRequestFilter.java:119) ~[spring-web-5.2.6.RELEASE.jar:5.2.6.RELEASE]
	at org.apache.catalina.core.ApplicationFilterChain.internalDoFilter(ApplicationFilterChain.java:193) ~[tomcat-embed-core-9.0.35.jar:9.0.35]
	at org.apache.catalina.core.ApplicationFilterChain.doFilter(ApplicationFilterChain.java:166) ~[tomcat-embed-core-9.0.35.jar:9.0.35]
	at org.apache.catalina.core.StandardWrapperValve.invoke(StandardWrapperValve.java:202) ~[tomcat-embed-core-9.0.35.jar:9.0.35]
	at org.apache.catalina.core.StandardContextValve.invoke(StandardContextValve.java:96) [tomcat-embed-core-9.0.35.jar:9.0.35]
	at org.apache.catalina.authenticator.AuthenticatorBase.invoke(AuthenticatorBase.java:541) [tomcat-embed-core-9.0.35.jar:9.0.35]
	at org.apache.catalina.core.StandardHostValve.invoke(StandardHostValve.java:139) [tomcat-embed-core-9.0.35.jar:9.0.35]
	at org.apache.catalina.valves.ErrorReportValve.invoke(ErrorReportValve.java:92) [tomcat-embed-core-9.0.35.jar:9.0.35]
	at org.apache.catalina.core.StandardEngineValve.invoke(StandardEngineValve.java:74) [tomcat-embed-core-9.0.35.jar:9.0.35]
	at org.apache.catalina.connector.CoyoteAdapter.service(CoyoteAdapter.java:343) [tomcat-embed-core-9.0.35.jar:9.0.35]
	at org.apache.coyote.http11.Http11Processor.service(Http11Processor.java:373) [tomcat-embed-core-9.0.35.jar:9.0.35]
	at org.apache.coyote.AbstractProcessorLight.process(AbstractProcessorLight.java:65) [tomcat-embed-core-9.0.35.jar:9.0.35]
	at org.apache.coyote.AbstractProtocol$ConnectionHandler.process(AbstractProtocol.java:868) [tomcat-embed-core-9.0.35.jar:9.0.35]
	at org.apache.tomcat.util.net.NioEndpoint$SocketProcessor.doRun(NioEndpoint.java:1590) [tomcat-embed-core-9.0.35.jar:9.0.35]
	at org.apache.tomcat.util.net.SocketProcessorBase.run(SocketProcessorBase.java:49) [tomcat-embed-core-9.0.35.jar:9.0.35]
	at java.util.concurrent.ThreadPoolExecutor.runWorker(ThreadPoolExecutor.java:1149) [na:1.8.0_221]
	at java.util.concurrent.ThreadPoolExecutor$Worker.run(ThreadPoolExecutor.java:624) [na:1.8.0_221]
	at org.apache.tomcat.util.threads.TaskThread$WrappingRunnable.run(TaskThread.java:61) [tomcat-embed-core-9.0.35.jar:9.0.35]
	at java.lang.Thread.run(Thread.java:748) [na:1.8.0_221]

2020-05-28 23:16:31.643  INFO 25721 --- [SpringContextShutdownHook] j.LocalContainerEntityManagerFactoryBean : Closing JPA EntityManagerFactory for persistence unit 'default'
2020-05-28 23:16:31.648  INFO 25721 --- [SpringContextShutdownHook] o.s.s.concurrent.ThreadPoolTaskExecutor  : Shutting down ExecutorService 'applicationTaskExecutor'
2020-05-28 23:16:31.648  INFO 25721 --- [SpringContextShutdownHook] com.zaxxer.hikari.HikariDataSource       : HikariPool-1 - Shutdown initiated...
2020-05-28 23:16:31.655  INFO 25721 --- [SpringContextShutdownHook] com.zaxxer.hikari.HikariDataSource       : HikariPool-1 - Shutdown completed.
2020-05-28 23:16:35.810  INFO 26149 --- [main] c.l.s.SprintBootBooklistApplication      : Starting SprintBootBooklistApplication on louyilindeMBP.fios-router.home with PID 26149 (/Users/louyilin/IdeaProjects/sprint-boot-booklist/target/classes started by louyilin in /Users/louyilin/IdeaProjects/sprint-boot-booklist)
2020-05-28 23:16:35.814 DEBUG 26149 --- [main] c.l.s.SprintBootBooklistApplication      : Running with Spring Boot v2.3.0.RELEASE, Spring v5.2.6.RELEASE
2020-05-28 23:16:35.815  INFO 26149 --- [main] c.l.s.SprintBootBooklistApplication      : The following profiles are active: dev
2020-05-28 23:16:36.655  INFO 26149 --- [main] .s.d.r.c.RepositoryConfigurationDelegate : Bootstrapping Spring Data JPA repositories in DEFERRED mode.
2020-05-28 23:16:36.721  INFO 26149 --- [main] .s.d.r.c.RepositoryConfigurationDelegate : Finished Spring Data repository scanning in 55ms. Found 1 JPA repository interfaces.
2020-05-28 23:16:37.315  INFO 26149 --- [main] o.s.b.w.embedded.tomcat.TomcatWebServer  : Tomcat initialized with port(s): 8080 (http)
2020-05-28 23:16:37.325  INFO 26149 --- [main] o.apache.catalina.core.StandardService   : Starting service [Tomcat]
2020-05-28 23:16:37.326  INFO 26149 --- [main] org.apache.catalina.core.StandardEngine  : Starting Servlet engine: [Apache Tomcat/9.0.35]
2020-05-28 23:16:37.436  INFO 26149 --- [main] o.a.c.c.C.[Tomcat].[localhost].[/]       : Initializing Spring embedded WebApplicationContext
2020-05-28 23:16:37.437  INFO 26149 --- [main] o.s.web.context.ContextLoader            : Root WebApplicationContext: initialization completed in 1569 ms
2020-05-28 23:16:37.595  INFO 26149 --- [main] o.s.s.concurrent.ThreadPoolTaskExecutor  : Initializing ExecutorService 'applicationTaskExecutor'
2020-05-28 23:16:37.638  INFO 26149 --- [task-1] o.hibernate.jpa.internal.util.LogHelper  : HHH000204: Processing PersistenceUnitInfo [name: default]
2020-05-28 23:16:37.681  WARN 26149 --- [main] JpaBaseConfiguration$JpaWebConfiguration : spring.jpa.open-in-view is enabled by default. Therefore, database queries may be performed during view rendering. Explicitly configure spring.jpa.open-in-view to disable this warning
2020-05-28 23:16:37.692  INFO 26149 --- [task-1] org.hibernate.Version                    : HHH000412: Hibernate ORM core version 5.4.15.Final
2020-05-28 23:16:37.833  INFO 26149 --- [task-1] o.hibernate.annotations.common.Version   : HCANN000001: Hibernate Commons Annotations {5.1.0.Final}
2020-05-28 23:16:37.949  INFO 26149 --- [task-1] com.zaxxer.hikari.HikariDataSource       : HikariPool-1 - Starting...
2020-05-28 23:16:38.380  INFO 26149 --- [task-1] com.zaxxer.hikari.HikariDataSource       : HikariPool-1 - Start completed.
2020-05-28 23:16:38.398  INFO 26149 --- [task-1] org.hibernate.dialect.Dialect            : HHH000400: Using dialect: org.hibernate.dialect.MySQL8Dialect
2020-05-28 23:16:38.894  INFO 26149 --- [task-1] o.h.e.t.j.p.i.JtaPlatformInitiator       : HHH000490: Using JtaPlatform implementation: [org.hibernate.engine.transaction.jta.platform.internal.NoJtaPlatform]
2020-05-28 23:16:38.901  INFO 26149 --- [task-1] j.LocalContainerEntityManagerFactoryBean : Initialized JPA EntityManagerFactory for persistence unit 'default'
2020-05-28 23:16:39.302  INFO 26149 --- [main] o.s.b.w.embedded.tomcat.TomcatWebServer  : Tomcat started on port(s): 8080 (http) with context path ''
2020-05-28 23:16:39.303  INFO 26149 --- [main] DeferredRepositoryInitializationListener : Triggering deferred initialization of Spring Data repositories…
2020-05-28 23:16:39.418  INFO 26149 --- [main] DeferredRepositoryInitializationListener : Spring Data repositories initialized!
2020-05-28 23:16:39.426  INFO 26149 --- [main] c.l.s.SprintBootBooklistApplication      : Started SprintBootBooklistApplication in 4.14 seconds (JVM running for 4.815)
2020-05-28 23:17:48.428  INFO 26149 --- [http-nio-8080-exec-1] o.a.c.c.C.[Tomcat].[localhost].[/]       : Initializing Spring DispatcherServlet 'dispatcherServlet'
2020-05-28 23:17:48.428  INFO 26149 --- [http-nio-8080-exec-1] o.s.web.servlet.DispatcherServlet        : Initializing Servlet 'dispatcherServlet'
2020-05-28 23:17:48.438  INFO 26149 --- [http-nio-8080-exec-1] o.s.web.servlet.DispatcherServlet        : Completed initialization in 9 ms
2020-05-28 23:22:14.526  INFO 26149 --- [SpringContextShutdownHook] j.LocalContainerEntityManagerFactoryBean : Closing JPA EntityManagerFactory for persistence unit 'default'
2020-05-28 23:22:14.530  INFO 26149 --- [SpringContextShutdownHook] o.s.s.concurrent.ThreadPoolTaskExecutor  : Shutting down ExecutorService 'applicationTaskExecutor'
2020-05-28 23:22:14.530  INFO 26149 --- [SpringContextShutdownHook] com.zaxxer.hikari.HikariDataSource       : HikariPool-1 - Shutdown initiated...
2020-05-28 23:22:14.536  INFO 26149 --- [SpringContextShutdownHook] com.zaxxer.hikari.HikariDataSource       : HikariPool-1 - Shutdown completed.
2020-05-28 23:22:19.572  INFO 26168 --- [main] c.l.s.SprintBootBooklistApplication      : Starting SprintBootBooklistApplication on louyilindeMBP.fios-router.home with PID 26168 (/Users/louyilin/IdeaProjects/sprint-boot-booklist/target/classes started by louyilin in /Users/louyilin/IdeaProjects/sprint-boot-booklist)
2020-05-28 23:22:19.576 DEBUG 26168 --- [main] c.l.s.SprintBootBooklistApplication      : Running with Spring Boot v2.3.0.RELEASE, Spring v5.2.6.RELEASE
2020-05-28 23:22:19.576  INFO 26168 --- [main] c.l.s.SprintBootBooklistApplication      : The following profiles are active: dev
2020-05-28 23:22:20.639  INFO 26168 --- [main] .s.d.r.c.RepositoryConfigurationDelegate : Bootstrapping Spring Data JPA repositories in DEFERRED mode.
2020-05-28 23:22:20.731  INFO 26168 --- [main] .s.d.r.c.RepositoryConfigurationDelegate : Finished Spring Data repository scanning in 82ms. Found 1 JPA repository interfaces.
2020-05-28 23:22:21.491  INFO 26168 --- [main] o.s.b.w.embedded.tomcat.TomcatWebServer  : Tomcat initialized with port(s): 8080 (http)
2020-05-28 23:22:21.505  INFO 26168 --- [main] o.apache.catalina.core.StandardService   : Starting service [Tomcat]
2020-05-28 23:22:21.506  INFO 26168 --- [main] org.apache.catalina.core.StandardEngine  : Starting Servlet engine: [Apache Tomcat/9.0.35]
2020-05-28 23:22:21.686  INFO 26168 --- [main] o.a.c.c.C.[Tomcat].[localhost].[/]       : Initializing Spring embedded WebApplicationContext
2020-05-28 23:22:21.687  INFO 26168 --- [main] o.s.web.context.ContextLoader            : Root WebApplicationContext: initialization completed in 2045 ms
2020-05-28 23:22:21.902  INFO 26168 --- [main] o.s.s.concurrent.ThreadPoolTaskExecutor  : Initializing ExecutorService 'applicationTaskExecutor'
2020-05-28 23:22:21.945  INFO 26168 --- [task-1] o.hibernate.jpa.internal.util.LogHelper  : HHH000204: Processing PersistenceUnitInfo [name: default]
2020-05-28 23:22:21.991  WARN 26168 --- [main] JpaBaseConfiguration$JpaWebConfiguration : spring.jpa.open-in-view is enabled by default. Therefore, database queries may be performed during view rendering. Explicitly configure spring.jpa.open-in-view to disable this warning
2020-05-28 23:22:22.002  INFO 26168 --- [task-1] org.hibernate.Version                    : HHH000412: Hibernate ORM core version 5.4.15.Final
2020-05-28 23:22:22.160  INFO 26168 --- [task-1] o.hibernate.annotations.common.Version   : HCANN000001: Hibernate Commons Annotations {5.1.0.Final}
2020-05-28 23:22:22.277  INFO 26168 --- [task-1] com.zaxxer.hikari.HikariDataSource       : HikariPool-1 - Starting...
2020-05-28 23:22:22.939  INFO 26168 --- [task-1] com.zaxxer.hikari.HikariDataSource       : HikariPool-1 - Start completed.
2020-05-28 23:22:22.965  INFO 26168 --- [task-1] org.hibernate.dialect.Dialect            : HHH000400: Using dialect: org.hibernate.dialect.MySQL8Dialect
2020-05-28 23:22:23.749  INFO 26168 --- [task-1] o.h.e.t.j.p.i.JtaPlatformInitiator       : HHH000490: Using JtaPlatform implementation: [org.hibernate.engine.transaction.jta.platform.internal.NoJtaPlatform]
2020-05-28 23:22:23.759  INFO 26168 --- [task-1] j.LocalContainerEntityManagerFactoryBean : Initialized JPA EntityManagerFactory for persistence unit 'default'
2020-05-28 23:22:24.436  INFO 26168 --- [main] o.s.b.w.embedded.tomcat.TomcatWebServer  : Tomcat started on port(s): 8080 (http) with context path ''
2020-05-28 23:22:24.437  INFO 26168 --- [main] DeferredRepositoryInitializationListener : Triggering deferred initialization of Spring Data repositories…
2020-05-28 23:22:24.660  INFO 26168 --- [main] DeferredRepositoryInitializationListener : Spring Data repositories initialized!
2020-05-28 23:22:24.675  INFO 26168 --- [main] c.l.s.SprintBootBooklistApplication      : Started SprintBootBooklistApplication in 5.736 seconds (JVM running for 6.61)
2020-05-28 23:22:45.367  INFO 26168 --- [http-nio-8080-exec-1] o.a.c.c.C.[Tomcat].[localhost].[/]       : Initializing Spring DispatcherServlet 'dispatcherServlet'
2020-05-28 23:22:45.367  INFO 26168 --- [http-nio-8080-exec-1] o.s.web.servlet.DispatcherServlet        : Initializing Servlet 'dispatcherServlet'
2020-05-28 23:22:45.377  INFO 26168 --- [http-nio-8080-exec-1] o.s.web.servlet.DispatcherServlet        : Completed initialization in 10 ms
2020-05-28 23:28:22.194  INFO 26168 --- [SpringContextShutdownHook] j.LocalContainerEntityManagerFactoryBean : Closing JPA EntityManagerFactory for persistence unit 'default'
2020-05-28 23:28:22.198  INFO 26168 --- [SpringContextShutdownHook] o.s.s.concurrent.ThreadPoolTaskExecutor  : Shutting down ExecutorService 'applicationTaskExecutor'
2020-05-28 23:28:22.198  INFO 26168 --- [SpringContextShutdownHook] com.zaxxer.hikari.HikariDataSource       : HikariPool-1 - Shutdown initiated...
2020-05-28 23:28:22.205  INFO 26168 --- [SpringContextShutdownHook] com.zaxxer.hikari.HikariDataSource       : HikariPool-1 - Shutdown completed.
